\BOOKMARK [1][-]{section.1}{\376\377\000I\000n\000t\000r\000o\000d\000u\000\347\000\343\000o}{}% 1
\BOOKMARK [2][-]{subsection.1.1}{\376\377\000A\000\040\000C\000r\000i\000s\000e\000\040\000E\000n\000e\000r\000g\000\351\000t\000i\000c\000a\000\040\000c\000o\000m\000o\000\040\000B\000a\000r\000r\000e\000i\000r\000a\000\040\000a\000o\000\040\000D\000e\000s\000e\000n\000v\000o\000l\000v\000i\000m\000e\000n\000t\000o\000\040\000e\000m\000\040\000A\000n\000g\000o\000l\000a\000:\000\040\000U\000m\000a\000\040\000A\000n\000\341\000l\000i\000s\000e\000\040\000Q\000u\000a\000n\000t\000i\000f\000i\000c\000a\000d\000a}{section.1}% 2
\BOOKMARK [2][-]{subsection.1.2}{\376\377\000A\000\040\000E\000n\000e\000r\000g\000i\000a\000\040\000S\000o\000l\000a\000r\000\040\000c\000o\000m\000o\000\040\000A\000l\000t\000e\000r\000n\000a\000t\000i\000v\000a\000\040\000E\000s\000t\000r\000a\000t\000\351\000g\000i\000c\000a\000:\000\040\000P\000o\000t\000e\000n\000c\000i\000a\000l\000,\000\040\000P\000o\000l\000\355\000t\000i\000c\000a\000\040\000e\000\040\000N\000e\000c\000e\000s\000s\000i\000d\000a\000d\000e\000\040\000d\000e\000\040\000P\000l\000a\000n\000e\000j\000a\000m\000e\000n\000t\000o\000\040\000O\000t\000i\000m\000i\000z\000a\000d\000o}{section.1}% 3
\BOOKMARK [2][-]{subsection.1.3}{\376\377\000P\000r\000o\000b\000l\000e\000m\000a\000\040\000d\000e\000\040\000I\000n\000v\000e\000s\000t\000i\000g\000a\000\347\000\343\000o\000\040\000e\000\040\000O\000b\000j\000e\000t\000i\000v\000o\000s}{section.1}% 4
\BOOKMARK [2][-]{subsection.1.4}{\376\377\000Q\000u\000e\000s\000t\000\365\000e\000s\000\040\000e\000\040\000H\000i\000p\000\363\000t\000e\000s\000e\000s\000\040\000d\000e\000\040\000I\000n\000v\000e\000s\000t\000i\000g\000a\000\347\000\343\000o}{section.1}% 5
\BOOKMARK [1][-]{section.2}{\376\377\000R\000e\000v\000i\000s\000\343\000o\000\040\000d\000a\000\040\000L\000i\000t\000e\000r\000a\000t\000u\000r\000a}{}% 6
\BOOKMARK [2][-]{subsection.2.1}{\376\377\000S\000i\000s\000t\000e\000m\000a\000s\000\040\000S\000o\000l\000a\000r\000e\000s\000\040\000C\000o\000m\000u\000n\000i\000t\000\341\000r\000i\000o\000s\000:\000\040\000C\000o\000n\000c\000e\000i\000t\000o\000s\000\040\000e\000\040\000E\000x\000p\000e\000r\000i\000\352\000n\000c\000i\000a\000s\000\040\000I\000n\000t\000e\000r\000n\000a\000c\000i\000o\000n\000a\000i\000s}{section.2}% 7
\BOOKMARK [2][-]{subsection.2.2}{\376\377\000A\000n\000\341\000l\000i\000s\000e\000\040\000M\000u\000l\000t\000i\000c\000r\000i\000t\000\351\000r\000i\000o\000\040\000e\000m\000\040\000S\000I\000G\000\040\000p\000a\000r\000a\000\040\000E\000n\000e\000r\000g\000i\000a\000s\000\040\000R\000e\000n\000o\000v\000\341\000v\000e\000i\000s}{section.2}% 8
\BOOKMARK [2][-]{subsection.2.3}{\376\377\000O\000b\000s\000e\000r\000v\000a\000\347\000\343\000o\000\040\000d\000a\000\040\000T\000e\000r\000r\000a\000\040\000p\000a\000r\000a\000\040\000A\000v\000a\000l\000i\000a\000\347\000\343\000o\000\040\000d\000e\000\040\000R\000e\000c\000u\000r\000s\000o\000s\000\040\000S\000o\000l\000a\000r\000e\000s}{section.2}% 9
\BOOKMARK [2][-]{subsection.2.4}{\376\377\000C\000o\000n\000t\000e\000x\000t\000o\000\040\000A\000n\000g\000o\000l\000a\000n\000o\000:\000\040\000E\000s\000f\000o\000r\000\347\000o\000s\000\040\000E\000x\000i\000s\000t\000e\000n\000t\000e\000s\000\040\000e\000\040\000L\000a\000c\000u\000n\000a\000s\000\040\000d\000e\000\040\000P\000l\000a\000n\000e\000j\000a\000m\000e\000n\000t\000o}{section.2}% 10
\BOOKMARK [2][-]{subsection.2.5}{\376\377\000P\000a\000n\000o\000r\000a\000m\000a\000\040\000d\000e\000\040\000E\000s\000f\000o\000r\000\347\000o\000s\000\040\000E\000x\000i\000s\000t\000e\000n\000t\000e\000s\000\040\000e\000\040\000L\000a\000c\000u\000n\000a\000s\000:\000\040\000A\000s\000s\000e\000t\000\040\000M\000a\000p\000p\000i\000n\000g\000\040\000d\000o\000\040\000E\000c\000o\000s\000s\000i\000s\000t\000e\000m\000a\000\040\000E\000n\000e\000r\000g\000\351\000t\000i\000c\000o\000\040\000A\000n\000g\000o\000l\000a\000n\000o}{section.2}% 11
\BOOKMARK [2][-]{subsection.2.6}{\376\377\000C\000o\000n\000t\000r\000i\000b\000u\000i\000\347\000\343\000o\000\040\000O\000r\000i\000g\000i\000n\000a\000l\000\040\000d\000e\000s\000t\000e\000\040\000T\000r\000a\000b\000a\000l\000h\000o}{section.2}% 12
\BOOKMARK [2][-]{subsection.2.7}{\376\377\000C\000o\000n\000t\000r\000i\000b\000u\000i\000\347\000\343\000o\000\040\000O\000r\000i\000g\000i\000n\000a\000l\000\040\000e\000\040\000P\000o\000s\000i\000c\000i\000o\000n\000a\000m\000e\000n\000t\000o\000\040\000C\000o\000m\000p\000e\000t\000i\000t\000i\000v\000o}{section.2}% 13
\BOOKMARK [1][-]{section.3}{\376\377\000G\000E\000E\000S\000P\000-\000A\000n\000g\000o\000l\000a\000:\000\040\000U\000m\000\040\000F\000r\000a\000m\000e\000w\000o\000r\000k\000\040\000G\000e\000o\000e\000s\000p\000a\000c\000i\000a\000l\000\040\000p\000a\000r\000a\000\040\000P\000r\000i\000o\000r\000i\000z\000a\000\347\000\343\000o\000\040\000d\000e\000\040\000S\000i\000s\000t\000e\000m\000a\000s\000\040\000S\000o\000l\000a\000r\000e\000s\000\040\000C\000o\000m\000u\000n\000i\000t\000\341\000r\000i\000o\000s}{}% 14
\BOOKMARK [2][-]{subsection.3.1}{\376\377\000F\000u\000n\000d\000a\000m\000e\000n\000t\000a\000\347\000\343\000o\000\040\000T\000e\000\363\000r\000i\000c\000a\000\040\000e\000\040\000C\000o\000n\000c\000e\000p\000t\000u\000a\000l}{section.3}% 15
\BOOKMARK [2][-]{subsection.3.2}{\376\377\000O\000\040\000Q\000u\000a\000d\000r\000o\000\040\000E\000V\000D\000T\000:\000\040\000E\000s\000t\000r\000u\000t\000u\000r\000a\000\040\000d\000e\000\040\000A\000v\000a\000l\000i\000a\000\347\000\343\000o\000\040\000T\000r\000a\000n\000s\000p\000a\000r\000e\000n\000t\000e}{section.3}% 16
\BOOKMARK [2][-]{subsection.3.3}{\376\377\000Q\000u\000a\000d\000r\000o\000\040\000A\000n\000a\000l\000\355\000t\000i\000c\000o\000\040\000M\000u\000l\000t\000i\000d\000i\000m\000e\000n\000s\000i\000o\000n\000a\000l}{section.3}% 17
\BOOKMARK [2][-]{subsection.3.4}{\376\377\000F\000r\000a\000m\000e\000w\000o\000r\000k\000\040\000M\000e\000t\000o\000d\000o\000l\000\363\000g\000i\000c\000o\000\040\000G\000E\000E\000S\000P\000-\000A\000n\000g\000o\000l\000a}{section.3}% 18
\BOOKMARK [3][-]{subsubsection.3.4.1}{\376\377\000A\000r\000q\000u\000i\000t\000e\000t\000u\000r\000a\000\040\000G\000e\000r\000a\000l\000\040\000d\000o\000\040\000F\000r\000a\000m\000e\000w\000o\000r\000k}{subsection.3.4}% 19
\BOOKMARK [3][-]{subsubsection.3.4.2}{\376\377\000F\000a\000s\000e\000\040\0001\000:\000\040\000A\000v\000a\000l\000i\000a\000\347\000\343\000o\000\040\000G\000e\000o\000e\000s\000p\000a\000c\000i\000a\000l\000\040\000I\000n\000t\000e\000g\000r\000a\000d\000a}{subsection.3.4}% 20
\BOOKMARK [3][-]{subsubsection.3.4.3}{\376\377\000F\000a\000s\000e\000\040\0002\000:\000\040\000A\000n\000\341\000l\000i\000s\000e\000\040\000M\000u\000l\000t\000i\000c\000r\000i\000t\000\351\000r\000i\000o\000\040\000p\000a\000r\000a\000\040\000P\000r\000i\000o\000r\000i\000z\000a\000\347\000\343\000o}{subsection.3.4}% 21
\BOOKMARK [3][-]{subsubsection.3.4.4}{\376\377\000F\000a\000s\000e\000\040\0003\000:\000\040\000D\000e\000s\000e\000n\000h\000o\000\040\000d\000e\000\040\000S\000o\000l\000u\000\347\000\365\000e\000s\000\040\000C\000o\000n\000t\000e\000x\000t\000u\000a\000l\000i\000z\000a\000d\000a\000s}{subsection.3.4}% 22
\BOOKMARK [3][-]{subsubsection.3.4.5}{\376\377\000F\000a\000s\000e\000\040\0004\000:\000\040\000I\000m\000p\000l\000e\000m\000e\000n\000t\000a\000\347\000\343\000o\000\040\000e\000\040\000A\000p\000r\000e\000n\000d\000i\000z\000a\000g\000e\000m\000\040\000A\000d\000a\000p\000t\000a\000t\000i\000v\000a}{subsection.3.4}% 23
\BOOKMARK [2][-]{subsection.3.5}{\376\377\000E\000c\000o\000s\000s\000i\000s\000t\000e\000m\000a\000\040\000I\000n\000s\000t\000i\000t\000u\000c\000i\000o\000n\000a\000l\000\040\000e\000\040\000M\000a\000p\000e\000a\000m\000e\000n\000t\000o\000\040\000d\000e\000\040\000S\000t\000a\000k\000e\000h\000o\000l\000d\000e\000r\000s}{section.3}% 24
\BOOKMARK [3][-]{subsubsection.3.5.1}{\376\377\000M\000a\000t\000r\000i\000z\000\040\000d\000e\000\040\000D\000e\000c\000i\000s\000\343\000o\000\040\000e\000\040\000R\000e\000s\000p\000o\000n\000s\000a\000b\000i\000l\000i\000d\000a\000d\000e\000s}{subsection.3.5}% 25
\BOOKMARK [2][-]{subsection.3.6}{\376\377\000V\000i\000a\000s\000\040\000d\000e\000\040\000I\000m\000p\000l\000e\000m\000e\000n\000t\000a\000\347\000\343\000o\000\040\000e\000\040\000I\000n\000t\000e\000g\000r\000a\000\347\000\343\000o\000\040\000P\000o\000l\000\355\000t\000i\000c\000a}{section.3}% 26
\BOOKMARK [3][-]{subsubsection.3.6.1}{\376\377\000I\000n\000t\000e\000g\000r\000a\000\347\000\343\000o\000\040\000c\000o\000m\000\040\000E\000s\000t\000r\000a\000t\000\351\000g\000i\000a\000s\000\040\000N\000a\000c\000i\000o\000n\000a\000i\000s\000\040\000E\000x\000i\000s\000t\000e\000n\000t\000e\000s}{subsection.3.6}% 27
\BOOKMARK [3][-]{subsubsection.3.6.2}{\376\377\000A\000p\000r\000o\000v\000e\000i\000t\000a\000m\000e\000n\000t\000o\000\040\000d\000e\000\040\000O\000p\000o\000r\000t\000u\000n\000i\000d\000a\000d\000e\000s\000\040\000d\000e\000\040\000R\000e\000f\000o\000r\000m\000a\000\040\000L\000e\000g\000a\000l\000\040\000R\000e\000c\000e\000n\000t\000e\000s}{subsection.3.6}% 28
\BOOKMARK [3][-]{subsubsection.3.6.3}{\376\377\000M\000e\000c\000a\000n\000i\000s\000m\000o\000s\000\040\000d\000e\000\040\000F\000i\000n\000a\000n\000c\000i\000a\000m\000e\000n\000t\000o\000\040\000e\000\040\000I\000n\000v\000e\000s\000t\000i\000m\000e\000n\000t\000o}{subsection.3.6}% 29
\BOOKMARK [2][-]{subsection.3.7}{\376\377\000C\000o\000n\000c\000l\000u\000s\000\343\000o\000\040\000e\000\040\000R\000e\000c\000o\000m\000e\000n\000d\000a\000\347\000\365\000e\000s\000\040\000E\000s\000t\000r\000a\000t\000\351\000g\000i\000c\000a\000s}{section.3}% 30
\BOOKMARK [2][-]{subsection.3.8}{\376\377\000\301\000r\000e\000a\000\040\000d\000e\000\040\000e\000s\000t\000u\000d\000o}{section.3}% 31
\BOOKMARK [2][-]{subsection.3.9}{\376\377\000D\000a\000d\000o\000s\000\040\000e\000\040\000c\000r\000i\000t\000\351\000r\000i\000o\000s}{section.3}% 32
\BOOKMARK [2][-]{subsection.3.10}{\376\377\000C\000r\000i\000t\000\351\000r\000i\000o\000s\000\040\000E\000x\000c\000l\000u\000s\000i\000o\000n\000\341\000r\000i\000o\000s\000\040\000e\000\040\000M\000a\000s\000c\000a\000r\000a\000m\000e\000n\000t\000o\000\040\000A\000n\000t\000e\000r\000i\000o\000r\000\040\000\340\000\040\000S\000o\000b\000r\000e\000s\000p\000o\000s\000i\000\347\000\343\000o}{section.3}% 33
\BOOKMARK [2][-]{subsection.3.11}{\376\377\000P\000o\000n\000d\000e\000r\000a\000\347\000\343\000o\000\040\000e\000\040\000a\000g\000r\000e\000g\000a\000\347\000\343\000o\000:\000\040\000M\000\351\000t\000o\000d\000o\000\040\000d\000e\000\040\000H\000i\000e\000r\000a\000r\000q\000u\000i\000a\000\040\000A\000n\000a\000l\000\355\000t\000i\000c\000a\000\040\000\050\000A\000H\000P\000\051}{section.3}% 34
\BOOKMARK [3][-]{subsubsection.3.11.1}{\376\377\000F\000l\000e\000x\000i\000b\000i\000l\000i\000d\000a\000d\000e\000\040\000M\000e\000t\000o\000d\000o\000l\000\363\000g\000i\000c\000a\000:\000\040\000P\000o\000n\000d\000e\000r\000a\000\347\000\343\000o\000\040\000P\000e\000r\000s\000o\000n\000a\000l\000i\000z\000a\000d\000a\000\040\000p\000o\000r\000\040\000P\000e\000r\000f\000i\000l\000\040\000C\000o\000m\000u\000n\000i\000t\000\341\000r\000i\000o}{subsection.3.11}% 35
\BOOKMARK [2][-]{subsection.3.12}{\376\377\000A\000v\000a\000l\000i\000a\000\347\000\343\000o\000\040\000t\000e\000c\000n\000o\000l\000\363\000g\000i\000c\000a}{section.3}% 36
\BOOKMARK [3][-]{subsubsection.3.12.1}{\376\377\000I\000l\000u\000s\000t\000r\000a\000\347\000\343\000o\000\040\000P\000r\000\341\000t\000i\000c\000a\000:\000\040\000T\000r\000a\000n\000s\000f\000o\000r\000m\000a\000\347\000\343\000o\000\040\000d\000e\000\040\000C\000a\000c\000u\000l\000a\000\040\000\050\000Z\000o\000n\000a\000\040\000A\000\051}{subsection.3.12}% 37
\BOOKMARK [2][-]{subsection.3.13}{\376\377\000P\000r\000o\000c\000e\000d\000i\000m\000e\000n\000t\000o\000s\000\040\000a\000n\000a\000l\000\355\000t\000i\000c\000o\000s}{section.3}% 38
\BOOKMARK [2][-]{subsection.3.14}{\376\377\000V\000a\000l\000i\000d\000a\000\347\000\343\000o\000\040\000e\000\040\000i\000n\000d\000i\000c\000a\000d\000o\000r\000e\000s\000\040\000d\000e\000\040\000i\000m\000p\000a\000c\000t\000o}{section.3}% 39
\BOOKMARK [3][-]{subsubsection.3.14.1}{\376\377\000P\000r\000o\000t\000o\000c\000o\000l\000o\000\040\000d\000e\000\040\000V\000a\000l\000i\000d\000a\000\347\000\343\000o\000\040\000e\000m\000\040\000C\000a\000m\000p\000o\000:\000\040\000D\000a\000\040\000P\000r\000e\000v\000i\000s\000\343\000o\000\040\000\340\000\040\000R\000e\000a\000l\000i\000d\000a\000d\000e}{subsection.3.14}% 40
\BOOKMARK [1][-]{section.4}{\376\377\000R\000e\000s\000u\000l\000t\000a\000d\000o\000s}{}% 41
\BOOKMARK [2][-]{subsection.4.1}{\376\377\000M\000a\000p\000a\000s\000\040\000d\000e\000\040\000A\000p\000t\000i\000d\000\343\000o\000\040\000I\000n\000d\000i\000v\000i\000d\000u\000a\000l\000\040\000p\000o\000r\000\040\000C\000r\000i\000t\000\351\000r\000i\000o}{section.4}% 42
\BOOKMARK [2][-]{subsection.4.2}{\376\377\000M\000a\000p\000a\000\040\000d\000e\000\040\000A\000p\000t\000i\000d\000\343\000o\000\040\000I\000n\000t\000e\000g\000r\000a\000d\000a}{section.4}% 43
\BOOKMARK [2][-]{subsection.4.3}{\376\377\000A\000v\000a\000l\000i\000a\000\347\000\343\000o\000\040\000T\000e\000c\000n\000o\000l\000\363\000g\000i\000c\000a\000\040\000p\000o\000r\000\040\000Z\000o\000n\000a}{section.4}% 44
\BOOKMARK [2][-]{subsection.4.4}{\376\377\000A\000n\000\341\000l\000i\000s\000e\000\040\000d\000e\000\040\000S\000e\000n\000s\000i\000b\000i\000l\000i\000d\000a\000d\000e}{section.4}% 45
\BOOKMARK [2][-]{subsection.4.5}{\376\377\000R\000e\000s\000u\000l\000t\000a\000d\000o\000s\000\040\000q\000u\000a\000n\000t\000i\000t\000a\000t\000i\000v\000o\000s}{section.4}% 46
\BOOKMARK [2][-]{subsection.4.6}{\376\377\000E\000s\000t\000i\000m\000a\000t\000i\000v\000a\000\040\000d\000e\000\040\000i\000m\000p\000a\000c\000t\000o\000\040\000e\000\040\000c\000u\000s\000t\000o\000s\000\040\000p\000r\000e\000l\000i\000m\000i\000n\000a\000r\000e\000s}{section.4}% 47
\BOOKMARK [2][-]{subsection.4.7}{\376\377\000A\000v\000a\000l\000i\000a\000\347\000\343\000o\000\040\000d\000o\000\040\000C\000i\000c\000l\000o\000\040\000d\000e\000\040\000V\000i\000d\000a\000\040\000\050\000L\000C\000A\000\051\000\040\040\024\000\040\000S\000u\000m\000\341\000r\000i\000o}{section.4}% 48
\BOOKMARK [2][-]{subsection.4.8}{\376\377\000G\000o\000v\000e\000r\000n\000a\000n\000\347\000a\000\040\000e\000\040\000s\000u\000s\000t\000e\000n\000t\000a\000b\000i\000l\000i\000d\000a\000d\000e\000\040\000o\000p\000e\000r\000a\000c\000i\000o\000n\000a\000l}{section.4}% 49
\BOOKMARK [1][-]{appendix.A}{\376\377\000A\000p\000\352\000n\000d\000i\000c\000e\000\040\000A\000:\000\040\000A\000v\000a\000l\000i\000a\000\347\000\343\000o\000\040\000d\000o\000\040\000C\000i\000c\000l\000o\000\040\000d\000e\000\040\000V\000i\000d\000a\000\040\000\050\000L\000C\000A\000\051\000\040\040\024\000\040\000P\000r\000e\000s\000s\000u\000p\000o\000s\000t\000o\000s\000\040\000e\000\040\000C\000\341\000l\000c\000u\000l\000o\000s}{}% 50
\BOOKMARK [2][-]{subsection.A.1}{\376\377\000U\000n\000i\000d\000a\000d\000e\000\040\000F\000u\000n\000c\000i\000o\000n\000a\000l\000\040\000e\000\040\000H\000o\000r\000i\000z\000o\000n\000t\000e}{appendix.A}% 51
\BOOKMARK [2][-]{subsection.A.2}{\376\377\000F\000a\000t\000o\000r\000e\000s\000\040\000d\000e\000\040\000E\000m\000i\000s\000s\000\343\000o\000\040\000e\000\040\000M\000a\000s\000s\000a\000\040\000d\000o\000s\000\040\000C\000o\000m\000p\000o\000n\000e\000n\000t\000e\000s}{appendix.A}% 52
\BOOKMARK [2][-]{subsection.A.3}{\376\377\000C\000\341\000l\000c\000u\000l\000o\000\040\000r\000e\000s\000u\000m\000i\000d\000o}{appendix.A}% 53
\BOOKMARK [2][-]{subsection.A.4}{\376\377\000C\000e\000n\000\341\000r\000i\000o\000s\000\040\000e\000\040\000S\000e\000n\000s\000i\000b\000i\000l\000i\000d\000a\000d\000e}{appendix.A}% 54
\BOOKMARK [2][-]{subsection.A.5}{\376\377\000R\000e\000s\000u\000l\000t\000a\000d\000o\000s\000\040\000N\000u\000m\000\351\000r\000i\000c\000o\000s\000\040\000p\000o\000r\000\040\000C\000e\000n\000\341\000r\000i\000o}{appendix.A}% 55
\BOOKMARK [2][-]{subsection.A.6}{\376\377\000N\000o\000t\000a\000s\000\040\000s\000o\000b\000r\000e\000\040\000l\000i\000m\000i\000t\000e\000s\000\040\000d\000o\000\040\000e\000s\000t\000u\000d\000o}{appendix.A}% 56
\BOOKMARK [1][-]{appendix.B}{\376\377\000D\000i\000s\000c\000u\000s\000s\000\343\000o}{}% 57
\BOOKMARK [2][-]{subsection.B.1}{\376\377\000I\000n\000t\000e\000r\000p\000r\000e\000t\000a\000\347\000\343\000o\000\040\000d\000o\000s\000\040\000R\000e\000s\000u\000l\000t\000a\000d\000o\000s}{appendix.B}% 58
\BOOKMARK [2][-]{subsection.B.2}{\376\377\000C\000o\000n\000t\000r\000i\000b\000u\000i\000\347\000\365\000e\000s\000\040\000M\000e\000t\000o\000d\000o\000l\000\363\000g\000i\000c\000a\000s}{appendix.B}% 59
\BOOKMARK [2][-]{subsection.B.3}{\376\377\000I\000m\000p\000l\000i\000c\000a\000\347\000\365\000e\000s\000\040\000P\000r\000\341\000t\000i\000c\000a\000s}{appendix.B}% 60
\BOOKMARK [2][-]{subsection.B.4}{\376\377\000I\000m\000p\000l\000i\000c\000a\000\347\000\365\000e\000s\000\040\000p\000a\000r\000a\000\040\000s\000e\000l\000e\000\347\000\343\000o\000\040\000e\000\040\000a\000p\000r\000e\000s\000e\000n\000t\000a\000\347\000\343\000o\000\040\000e\000m\000\040\000B\000o\000s\000t\000o\000n}{appendix.B}% 61
\BOOKMARK [2][-]{subsection.B.5}{\376\377\000R\000e\000c\000o\000m\000e\000n\000d\000a\000\347\000\365\000e\000s\000\040\000p\000r\000\341\000t\000i\000c\000a\000s\000\040\000p\000a\000r\000a\000\040\000s\000u\000b\000m\000i\000s\000s\000\343\000o\000\040\000e\000\040\000a\000p\000r\000e\000s\000e\000n\000t\000a\000\347\000\343\000o}{appendix.B}% 62
\BOOKMARK [2][-]{subsection.B.6}{\376\377\000D\000a\000\040\000A\000n\000\341\000l\000i\000s\000e\000\040\000G\000e\000o\000e\000s\000p\000a\000c\000i\000a\000l\000\040\000\340\000\040\000T\000r\000a\000n\000s\000f\000o\000r\000m\000a\000\347\000\343\000o\000\040\000S\000o\000c\000i\000o\000e\000c\000o\000n\000\363\000m\000i\000c\000a\000:\000\040\000R\000e\000p\000o\000s\000i\000c\000i\000o\000n\000a\000m\000e\000n\000t\000o\000\040\000d\000e\000\040\000C\000a\000u\000s\000a\000l\000i\000d\000a\000d\000e}{appendix.B}% 63
\BOOKMARK [2][-]{subsection.B.7}{\376\377\000E\000q\000u\000i\000d\000a\000d\000e\000,\000\040\000V\000u\000l\000n\000e\000r\000a\000b\000i\000l\000i\000d\000a\000d\000e\000\040\000e\000\040\000S\000a\000l\000v\000a\000g\000u\000a\000r\000d\000a\000s\000:\000\040\000L\000i\000\347\000\365\000e\000s\000\040\000d\000a\000\040\000L\000i\000t\000e\000r\000a\000t\000u\000r\000a\000\040\000e\000\040\000I\000m\000p\000l\000e\000m\000e\000n\000t\000a\000\347\000\343\000o\000\040\000n\000o\000\040\000G\000E\000E\000S\000P\000-\000A\000n\000g\000o\000l\000a}{appendix.B}% 64
\BOOKMARK [2][-]{subsection.B.8}{\376\377\000I\000n\000d\000i\000c\000a\000d\000o\000r\000e\000s\000\040\000Q\000u\000a\000n\000t\000i\000f\000i\000c\000a\000d\000o\000s\000\040\000p\000a\000r\000a\000\040\000M\000e\000d\000i\000\347\000\343\000o\000\040\000d\000e\000\040\000I\000m\000p\000a\000c\000t\000o\000\040\000S\000o\000c\000i\000a\000l}{appendix.B}% 65
\BOOKMARK [2][-]{subsection.B.9}{\376\377\000L\000i\000m\000i\000t\000a\000\347\000\365\000e\000s\000\040\000e\000\040\000D\000e\000s\000a\000f\000i\000o\000s}{appendix.B}% 66
\BOOKMARK [2][-]{subsection.B.10}{\376\377\000T\000r\000a\000b\000a\000l\000h\000o\000\040\000F\000u\000t\000u\000r\000o}{appendix.B}% 67
\BOOKMARK [1][-]{appendix.C}{\376\377\000C\000o\000n\000c\000l\000u\000s\000\365\000e\000s}{}% 68
\BOOKMARK [1][-]{appendix.A}{\376\377\000A\000m\000b\000i\000e\000n\000t\000e\000\040\000C\000o\000m\000p\000u\000t\000a\000c\000i\000o\000n\000a\000l\000\040\000e\000\040\000S\000o\000f\000t\000w\000a\000r\000e\000s\000\040\000D\000e\000s\000e\000n\000v\000o\000l\000v\000i\000d\000o\000s}{}% 69
\BOOKMARK [2][-]{subsection.A.1}{\376\377\000D\000e\000t\000a\000l\000h\000e\000s\000\040\000T\000\351\000c\000n\000i\000c\000o\000s\000\040\000d\000o\000s\000\040\000C\000o\000m\000p\000o\000n\000e\000n\000t\000e\000s}{appendix.A}% 70
\BOOKMARK [3][-]{subsubsection.A.1.1}{\376\377\0001\000.\000\040\000D\000a\000s\000h\000b\000o\000a\000r\000d\000\040\000W\000e\000b\000\040\000I\000n\000t\000e\000r\000a\000t\000i\000v\000o\000\040\000\050\000P\000r\000i\000o\000r\000i\000d\000a\000d\000e\000\040\000C\000r\000\355\000t\000i\000c\000a\000\051}{subsection.A.1}% 71
\BOOKMARK [3][-]{subsubsection.A.1.2}{\376\377\0002\000.\000\040\000A\000P\000I\000\040\000R\000E\000S\000T\000\040\000p\000a\000r\000a\000\040\000P\000r\000o\000c\000e\000s\000s\000a\000m\000e\000n\000t\000o\000\040\000M\000C\000D\000A\000\040\000\050\000P\000r\000i\000o\000r\000i\000d\000a\000d\000e\000\040\000C\000r\000\355\000t\000i\000c\000a\000\051}{subsection.A.1}% 72
\BOOKMARK [3][-]{subsubsection.A.1.3}{\376\377\0003\000.\000\040\000S\000c\000r\000i\000p\000t\000s\000\040\000G\000o\000o\000g\000l\000e\000\040\000E\000a\000r\000t\000h\000\040\000E\000n\000g\000i\000n\000e\000\040\000\050\000P\000r\000i\000o\000r\000i\000d\000a\000d\000e\000\040\000A\000l\000t\000a\000\051}{subsection.A.1}% 73
\BOOKMARK [3][-]{subsubsection.A.1.4}{\376\377\0004\000.\000\040\000N\000o\000t\000e\000b\000o\000o\000k\000s\000\040\000J\000u\000p\000y\000t\000e\000r\000\040\000\050\000P\000r\000i\000o\000r\000i\000d\000a\000d\000e\000\040\000A\000l\000t\000a\000\051}{subsection.A.1}% 74
\BOOKMARK [3][-]{subsubsection.A.1.5}{\376\377\0005\000.\000\040\000F\000e\000r\000r\000a\000m\000e\000n\000t\000a\000\040\000d\000e\000\040\000C\000\341\000l\000c\000u\000l\000o\000\040\000L\000C\000O\000E\000\040\000\050\000P\000r\000i\000o\000r\000i\000d\000a\000d\000e\000\040\000A\000l\000t\000a\000\051}{subsection.A.1}% 75
\BOOKMARK [3][-]{subsubsection.A.1.6}{\376\377\0006\000.\000\040\000S\000i\000s\000t\000e\000m\000a\000\040\000d\000e\000\040\000M\000o\000n\000i\000t\000o\000r\000a\000m\000e\000n\000t\000o\000\040\000P\000\363\000s\000-\000I\000m\000p\000l\000e\000m\000e\000n\000t\000a\000\347\000\343\000o\000\040\000\050\000P\000r\000i\000o\000r\000i\000d\000a\000d\000e\000\040\000M\000\351\000d\000i\000a\000\051}{subsection.A.1}% 76
\BOOKMARK [1][-]{appendix.B}{\376\377\000A\000n\000\341\000l\000i\000s\000e\000\040\000d\000e\000\040\000S\000e\000n\000s\000i\000b\000i\000l\000i\000d\000a\000d\000e\000\040\000C\000o\000m\000p\000l\000e\000t\000a}{}% 77
\BOOKMARK [1][-]{appendix.C}{\376\377\000C\000a\000r\000a\000c\000t\000e\000r\000\355\000s\000t\000i\000c\000a\000s\000\040\000D\000e\000t\000a\000l\000h\000a\000d\000a\000s\000\040\000d\000a\000s\000\040\0004\0005\000\040\000C\000o\000m\000u\000n\000i\000d\000a\000d\000e\000s}{}% 78
\BOOKMARK [2][-]{subsection.C.1}{\376\377\000L\000i\000s\000t\000a\000\040\000C\000o\000m\000p\000l\000e\000t\000a\000\040\000d\000e\000\040\000C\000o\000m\000u\000n\000i\000d\000a\000d\000e\000s\000\040\000I\000d\000e\000n\000t\000i\000f\000i\000c\000a\000d\000a\000s}{appendix.C}% 79
\BOOKMARK [2][-]{subsection.C.2}{\376\377\000E\000s\000t\000a\000t\000\355\000s\000t\000i\000c\000a\000s\000\040\000p\000o\000r\000\040\000Z\000o\000n\000a\000\040\000P\000r\000i\000o\000r\000i\000t\000\341\000r\000i\000a}{appendix.C}% 80
\BOOKMARK [1][-]{appendix.D}{\376\377\000M\000e\000t\000o\000d\000o\000l\000o\000g\000i\000a\000\040\000D\000e\000t\000a\000l\000h\000a\000d\000a\000\040\000e\000\040\000C\000\363\000d\000i\000g\000o\000\040\000F\000o\000n\000t\000e}{}% 81
\BOOKMARK [2][-]{subsection.D.1}{\376\377\000R\000e\000p\000o\000s\000i\000t\000\363\000r\000i\000o\000\040\000G\000i\000t\000H\000u\000b\000\040\000e\000\040\000C\000o\000m\000p\000o\000n\000e\000n\000t\000e\000s\000\040\000S\000o\000f\000t\000w\000a\000r\000e}{appendix.D}% 82
\BOOKMARK [2][-]{subsection.D.2}{\376\377\000R\000e\000q\000u\000i\000s\000i\000t\000o\000s\000\040\000P\000y\000t\000h\000o\000n\000\040\000e\000\040\000D\000e\000p\000e\000n\000d\000\352\000n\000c\000i\000a\000s}{appendix.D}% 83
\BOOKMARK [2][-]{subsection.D.3}{\376\377\000V\000a\000l\000i\000d\000a\000\347\000\343\000o\000\040\000e\000\040\000T\000e\000s\000t\000e\000s}{appendix.D}% 84
\BOOKMARK [1][-]{appendix.A}{\376\377\000D\000o\000c\000u\000m\000e\000n\000t\000a\000\347\000\343\000o\000\040\000C\000o\000m\000p\000l\000e\000t\000a\000\040\000d\000o\000\040\000P\000r\000o\000c\000e\000s\000s\000o\000\040\000A\000H\000P}{}% 85
\BOOKMARK [2][-]{subsection.A.1}{\376\377\000E\000s\000t\000r\000u\000t\000u\000r\000a\000\040\000H\000i\000e\000r\000\341\000r\000q\000u\000i\000c\000a}{appendix.A}% 86
\BOOKMARK [2][-]{subsection.A.2}{\376\377\000P\000a\000r\000t\000i\000c\000i\000p\000a\000n\000t\000e\000s\000\040\000e\000\040\000P\000r\000o\000c\000e\000s\000s\000o}{appendix.A}% 87
\BOOKMARK [2][-]{subsection.A.3}{\376\377\000E\000s\000c\000a\000l\000a\000\040\000d\000e\000\040\000P\000r\000e\000f\000e\000r\000\352\000n\000c\000i\000a\000\040\000U\000t\000i\000l\000i\000z\000a\000d\000a}{appendix.A}% 88
\BOOKMARK [2][-]{subsection.A.4}{\376\377\000R\000e\000s\000u\000l\000t\000a\000d\000o\000s\000\040\000d\000e\000\040\000C\000o\000n\000s\000i\000s\000t\000\352\000n\000c\000i\000a\000\040\000e\000\040\000A\000g\000r\000e\000g\000a\000\347\000\343\000o}{appendix.A}% 89
\BOOKMARK [2][-]{subsection.A.5}{\376\377\000S\000e\000n\000s\000i\000b\000i\000l\000i\000d\000a\000d\000e\000\040\000a\000o\000s\000\040\000E\000s\000p\000e\000c\000i\000a\000l\000i\000s\000t\000a\000s}{appendix.A}% 90
\BOOKMARK [2][-]{subsection.A.6}{\376\377\000F\000o\000n\000t\000e\000s\000\040\000d\000e\000\040\000P\000o\000s\000s\000\355\000v\000e\000l\000\040\000V\000i\000\351\000s\000\040\000e\000\040\000M\000i\000t\000i\000g\000a\000\347\000\343\000o}{appendix.A}% 91
\BOOKMARK [1][-]{appendix.B}{\376\377\000M\000a\000t\000r\000i\000z\000e\000s\000\040\000A\000H\000P\000\040\000e\000\040\000P\000o\000n\000d\000e\000r\000a\000\347\000\365\000e\000s}{}% 92
\BOOKMARK [2][-]{subsection.B.1}{\376\377\000M\000a\000t\000r\000i\000z\000\040\000d\000e\000\040\000C\000o\000m\000p\000a\000r\000a\000\347\000\343\000o\000\040\000P\000a\000r\000e\000a\000d\000a\000:\000\040\0005\000\040\000C\000r\000i\000t\000\351\000r\000i\000o\000s\000\040\000P\000r\000i\000n\000c\000i\000p\000a\000i\000s}{appendix.B}% 93
\BOOKMARK [2][-]{subsection.B.2}{\376\377\000S\000e\000n\000s\000i\000b\000i\000l\000i\000d\000a\000d\000e\000\040\000d\000o\000s\000\040\000P\000e\000s\000o\000s\000:\000\040\000A\000n\000\341\000l\000i\000s\000e\000\040\000\261\0002\0000\000\045}{appendix.B}% 94
\BOOKMARK [1][-]{appendix.C}{\376\377\000P\000r\000o\000t\000o\000c\000o\000l\000o\000\040\000d\000e\000\040\000V\000a\000l\000i\000d\000a\000\347\000\343\000o\000\040\000d\000e\000\040\000C\000a\000m\000p\000o\000:\000\040\000M\000a\000n\000u\000a\000l\000\040\000T\000\351\000c\000n\000i\000c\000o}{}% 95
\BOOKMARK [2][-]{subsection.C.1}{\376\377\000S\000e\000l\000e\000\347\000\343\000o\000\040\000d\000e\000\040\000S\000\355\000t\000i\000o\000s\000\040\000P\000i\000l\000o\000t\000o\000:\000\040\000C\000r\000i\000t\000\351\000r\000i\000o\000s}{appendix.C}% 96
\BOOKMARK [2][-]{subsection.C.2}{\376\377\000E\000q\000u\000i\000p\000a\000m\000e\000n\000t\000o\000\040\000T\000\351\000c\000n\000i\000c\000o\000:\000\040\000E\000s\000p\000e\000c\000i\000f\000i\000c\000a\000\347\000\365\000e\000s}{appendix.C}% 97
\BOOKMARK [2][-]{subsection.C.3}{\376\377\000P\000r\000o\000c\000e\000d\000i\000m\000e\000n\000t\000o\000\040\000D\000i\000\341\000r\000i\000o\000\040\000d\000e\000\040\000C\000o\000l\000e\000t\000a}{appendix.C}% 98
\BOOKMARK [2][-]{subsection.C.4}{\376\377\000C\000r\000i\000t\000\351\000r\000i\000o\000\040\000d\000e\000\040\000A\000c\000e\000i\000t\000a\000\347\000\343\000o\000:\000\040\000T\000o\000l\000e\000r\000\342\000n\000c\000i\000a\000s}{appendix.C}% 99
\BOOKMARK [2][-]{subsection.C.5}{\376\377\000P\000r\000o\000t\000o\000c\000o\000l\000o\000\040\000d\000e\000\040\000C\000o\000n\000t\000i\000n\000g\000\352\000n\000c\000i\000a}{appendix.C}% 100
\BOOKMARK [1][-]{appendix.D}{\376\377\000D\000a\000d\000o\000s\000\040\000C\000o\000m\000u\000n\000i\000t\000\341\000r\000i\000o\000s\000:\000\040\000L\000i\000s\000t\000a\000g\000e\000m\000\040\000C\000o\000m\000p\000l\000e\000t\000a}{}% 101
