This is pdfTeX, Version 3.141592653-2.6-1.40.29 (MiKTeX 26.1) (preloaded format=pdflatex 2026.2.7)  8 FEB 2026 20:03
entering extended mode
 restricted \write18 enabled.
 %&-line parsing enabled.
**./SOL.tex
(SOL.tex
LaTeX2e <2025-11-01>
L3 programming layer <2026-01-19>
(C:\Users\rocel\AppData\Local\Programs\MiKTeX\tex/latex/base\article.cls
Document Class: article 2025/01/22 v1.4n Standard LaTeX document class
(C:\Users\rocel\AppData\Local\Programs\MiKTeX\tex/latex/base\size12.clo
File: size12.clo 2025/01/22 v1.4n Standard LaTeX file (size option)
)
\c@part=\count275
\c@section=\count276
\c@subsection=\count277
\c@subsubsection=\count278
\c@paragraph=\count279
\c@subparagraph=\count280
\c@figure=\count281
\c@table=\count282
\abovecaptionskip=\skip49
\belowcaptionskip=\skip50
\bibindent=\dimen148
)
(C:\Users\rocel\AppData\Local\Programs\MiKTeX\tex/latex/base\inputenc.sty
Package: inputenc 2024/02/08 v1.3d Input encoding file
\inpenc@prehook=\toks17
\inpenc@posthook=\toks18
)
(C:\Users\rocel\AppData\Local\Programs\MiKTeX\tex/latex/base\fontenc.sty
Package: fontenc 2025/07/18 v2.1d Standard LaTeX package
)
(C:\Users\rocel\AppData\Local\Programs\MiKTeX\tex/latex/lm\lmodern.sty
Package: lmodern 2015/05/01 v1.6.1 Latin Modern Fonts
LaTeX Font Info:    Overwriting symbol font `operators' in version `normal'
(Font)                  OT1/cmr/m/n --> OT1/lmr/m/n on input line 22.
LaTeX Font Info:    Overwriting symbol font `letters' in version `normal'
(Font)                  OML/cmm/m/it --> OML/lmm/m/it on input line 23.
LaTeX Font Info:    Overwriting symbol font `symbols' in version `normal'
(Font)                  OMS/cmsy/m/n --> OMS/lmsy/m/n on input line 24.
LaTeX Font Info:    Overwriting symbol font `largesymbols' in version `normal'
(Font)                  OMX/cmex/m/n --> OMX/lmex/m/n on input line 25.
LaTeX Font Info:    Overwriting symbol font `operators' in version `bold'
(Font)                  OT1/cmr/bx/n --> OT1/lmr/bx/n on input line 26.
LaTeX Font Info:    Overwriting symbol font `letters' in version `bold'
(Font)                  OML/cmm/b/it --> OML/lmm/b/it on input line 27.
LaTeX Font Info:    Overwriting symbol font `symbols' in version `bold'
(Font)                  OMS/cmsy/b/n --> OMS/lmsy/b/n on input line 28.
LaTeX Font Info:    Overwriting symbol font `largesymbols' in version `bold'
(Font)                  OMX/cmex/m/n --> OMX/lmex/m/n on input line 29.
LaTeX Font Info:    Overwriting math alphabet `\mathbf' in version `normal'
(Font)                  OT1/cmr/bx/n --> OT1/lmr/bx/n on input line 31.
LaTeX Font Info:    Overwriting math alphabet `\mathsf' in version `normal'
(Font)                  OT1/cmss/m/n --> OT1/lmss/m/n on input line 32.
LaTeX Font Info:    Overwriting math alphabet `\mathit' in version `normal'
(Font)                  OT1/cmr/m/it --> OT1/lmr/m/it on input line 33.
LaTeX Font Info:    Overwriting math alphabet `\mathtt' in version `normal'
(Font)                  OT1/cmtt/m/n --> OT1/lmtt/m/n on input line 34.
LaTeX Font Info:    Overwriting math alphabet `\mathbf' in version `bold'
(Font)                  OT1/cmr/bx/n --> OT1/lmr/bx/n on input line 35.
LaTeX Font Info:    Overwriting math alphabet `\mathsf' in version `bold'
(Font)                  OT1/cmss/bx/n --> OT1/lmss/bx/n on input line 36.
LaTeX Font Info:    Overwriting math alphabet `\mathit' in version `bold'
(Font)                  OT1/cmr/bx/it --> OT1/lmr/bx/it on input line 37.
LaTeX Font Info:    Overwriting math alphabet `\mathtt' in version `bold'
(Font)                  OT1/cmtt/m/n --> OT1/lmtt/m/n on input line 38.
)
(C:\Users\rocel\AppData\Local\Programs\MiKTeX\tex/generic/babel\babel.sty
Package: babel 2026/01/26 v26.2 The multilingual framework for LuaLaTeX, pdfLaT
eX and XeLaTeX
\babel@savecnt=\count283
LaTeX Encoding Info:    Redeclaring text command \ij (encoding OT1) on input li
ne 2078.
LaTeX Encoding Info:    Redeclaring text command \IJ (encoding OT1) on input li
ne 2080.
LaTeX Encoding Info:    Redeclaring text command \ij (encoding T1) on input lin
e 2082.
LaTeX Encoding Info:    Redeclaring text command \IJ (encoding T1) on input lin
e 2083.
LaTeX Encoding Info:    Ignoring declaration for text command \ij (encoding ?) 
on input line 2084.
LaTeX Encoding Info:    Ignoring declaration for text command \IJ (encoding ?) 
on input line 2086.
LaTeX Encoding Info:    Ignoring declaration for text command \SS (encoding ?) 
on input line 2111.
\U@D=\dimen149
\l@unhyphenated=\language79

(C:\Users\rocel\AppData\Local\Programs\MiKTeX\tex/generic/babel\txtbabel.def)
\bbl@readstream=\read2
\bbl@dirlevel=\count284
Package babel Info: Configuration files are deprecated, as
(babel)             they can break document portability.
(babel)             Reported on input line 4206.

*************************************
* Local config file bblopts.cfg used
*
(C:\Users\rocel\AppData\Local\Programs\MiKTeX\tex/latex/arabi\bblopts.cfg
File: bblopts.cfg 2005/09/08 v0.1 add Arabic and Farsi to "declared" options of
 babel
)
(C:\Users\rocel\AppData\Local\Programs\MiKTeX\tex/generic/babel/locale/pt\babel
-portuguese.tex)
Package babel Info: Importing font and identification data for portuguese
(babel)             from babel-pt.ini. Reported on input line 4330.

(C:\Users\rocel\AppData\Local\Programs\MiKTeX\tex/latex/babel-portuges\portugue
se.ldf
Language: portuges 2026/01/24 v1.2u Portuguese support from the babel system
Package babel Info: Making " an active character on input line 132.
))
(C:\Users\rocel\AppData\Local\Programs\MiKTeX\tex/latex/graphics\graphicx.sty
Package: graphicx 2024/12/31 v1.2e Enhanced LaTeX Graphics (DPC,SPQR)

(C:\Users\rocel\AppData\Local\Programs\MiKTeX\tex/latex/graphics\keyval.sty
Package: keyval 2022/05/29 v1.15 key=value parser (DPC)
\KV@toks@=\toks19
)
(C:\Users\rocel\AppData\Local\Programs\MiKTeX\tex/latex/graphics\graphics.sty
Package: graphics 2024/08/06 v1.4g Standard LaTeX Graphics (DPC,SPQR)

(C:\Users\rocel\AppData\Local\Programs\MiKTeX\tex/latex/graphics\trig.sty
Package: trig 2023/12/02 v1.11 sin cos tan (DPC)
)
(C:\Users\rocel\AppData\Local\Programs\MiKTeX\tex/latex/graphics-cfg\graphics.c
fg
File: graphics.cfg 2016/06/04 v1.11 sample graphics configuration
)
Package graphics Info: Driver file: pdftex.def on input line 106.

(C:\Users\rocel\AppData\Local\Programs\MiKTeX\tex/latex/graphics-def\pdftex.def
File: pdftex.def 2025/09/29 v1.2d Graphics/color driver for pdftex
))
\Gin@req@height=\dimen150
\Gin@req@width=\dimen151
)
(C:\Users\rocel\AppData\Local\Programs\MiKTeX\tex/latex/geometry\geometry.sty
Package: geometry 2020/01/02 v5.9 Page Geometry

(C:\Users\rocel\AppData\Local\Programs\MiKTeX\tex/generic/iftex\ifvtex.sty
Package: ifvtex 2019/10/25 v1.7 ifvtex legacy package. Use iftex instead.

(C:\Users\rocel\AppData\Local\Programs\MiKTeX\tex/generic/iftex\iftex.sty
Package: iftex 2024/12/12 v1.0g TeX engine tests
))
\Gm@cnth=\count285
\Gm@cntv=\count286
\c@Gm@tempcnt=\count287
\Gm@bindingoffset=\dimen152
\Gm@wd@mp=\dimen153
\Gm@odd@mp=\dimen154
\Gm@even@mp=\dimen155
\Gm@layoutwidth=\dimen156
\Gm@layoutheight=\dimen157
\Gm@layouthoffset=\dimen158
\Gm@layoutvoffset=\dimen159
\Gm@dimlist=\toks20

(C:\Users\rocel\AppData\Local\Programs\MiKTeX\tex/latex/geometry\geometry.cfg))
(C:\Users\rocel\AppData\Local\Programs\MiKTeX\tex/latex/amsmath\amsmath.sty
Package: amsmath 2025/07/09 v2.17z AMS math features
\@mathmargin=\skip51

For additional information on amsmath, use the `?' option.
(C:\Users\rocel\AppData\Local\Programs\MiKTeX\tex/latex/amsmath\amstext.sty
Package: amstext 2024/11/17 v2.01 AMS text

(C:\Users\rocel\AppData\Local\Programs\MiKTeX\tex/latex/amsmath\amsgen.sty
File: amsgen.sty 1999/11/30 v2.0 generic functions
\@emptytoks=\toks21
\ex@=\dimen160
))
(C:\Users\rocel\AppData\Local\Programs\MiKTeX\tex/latex/amsmath\amsbsy.sty
Package: amsbsy 1999/11/29 v1.2d Bold Symbols
\pmbraise@=\dimen161
)
(C:\Users\rocel\AppData\Local\Programs\MiKTeX\tex/latex/amsmath\amsopn.sty
Package: amsopn 2022/04/08 v2.04 operator names
)
\inf@bad=\count288
LaTeX Info: Redefining \frac on input line 233.
\uproot@=\count289
\leftroot@=\count290
LaTeX Info: Redefining \overline on input line 398.
LaTeX Info: Redefining \colon on input line 409.
\classnum@=\count291
\DOTSCASE@=\count292
LaTeX Info: Redefining \ldots on input line 495.
LaTeX Info: Redefining \dots on input line 498.
LaTeX Info: Redefining \cdots on input line 619.
\Mathstrutbox@=\box53
\strutbox@=\box54
LaTeX Info: Redefining \big on input line 721.
LaTeX Info: Redefining \Big on input line 722.
LaTeX Info: Redefining \bigg on input line 723.
LaTeX Info: Redefining \Bigg on input line 724.
\big@size=\dimen162
LaTeX Font Info:    Redeclaring font encoding OML on input line 742.
LaTeX Font Info:    Redeclaring font encoding OMS on input line 743.
\macc@depth=\count293
LaTeX Info: Redefining \bmod on input line 904.
LaTeX Info: Redefining \pmod on input line 909.
LaTeX Info: Redefining \smash on input line 939.
LaTeX Info: Redefining \relbar on input line 969.
LaTeX Info: Redefining \Relbar on input line 970.
\c@MaxMatrixCols=\count294
\dotsspace@=\muskip17
\c@parentequation=\count295
\dspbrk@lvl=\count296
\tag@help=\toks22
\row@=\count297
\column@=\count298
\maxfields@=\count299
\andhelp@=\toks23
\eqnshift@=\dimen163
\alignsep@=\dimen164
\tagshift@=\dimen165
\tagwidth@=\dimen166
\totwidth@=\dimen167
\lineht@=\dimen168
\@envbody=\toks24
\multlinegap=\skip52
\multlinetaggap=\skip53
\mathdisplay@stack=\toks25
LaTeX Info: Redefining \[ on input line 2950.
LaTeX Info: Redefining \] on input line 2951.
)
(C:\Users\rocel\AppData\Local\Programs\MiKTeX\tex/latex/booktabs\booktabs.sty
Package: booktabs 2020/01/12 v1.61803398 Publication quality tables
\heavyrulewidth=\dimen169
\lightrulewidth=\dimen170
\cmidrulewidth=\dimen171
\belowrulesep=\dimen172
\belowbottomsep=\dimen173
\aboverulesep=\dimen174
\abovetopsep=\dimen175
\cmidrulesep=\dimen176
\cmidrulekern=\dimen177
\defaultaddspace=\dimen178
\@cmidla=\count300
\@cmidlb=\count301
\@aboverulesep=\dimen179
\@belowrulesep=\dimen180
\@thisruleclass=\count302
\@lastruleclass=\count303
\@thisrulewidth=\dimen181
)
(C:\Users\rocel\AppData\Local\Programs\MiKTeX\tex/latex/caption\caption.sty
Package: caption 2023/08/05 v3.6o Customizing captions (AR)

(C:\Users\rocel\AppData\Local\Programs\MiKTeX\tex/latex/caption\caption3.sty
Package: caption3 2023/07/31 v2.4d caption3 kernel (AR)
\caption@tempdima=\dimen182
\captionmargin=\dimen183
\caption@leftmargin=\dimen184
\caption@rightmargin=\dimen185
\caption@width=\dimen186
\caption@indent=\dimen187
\caption@parindent=\dimen188
\caption@hangindent=\dimen189
Package caption Info: Standard document class detected.
)
\c@caption@flags=\count304
\c@continuedfloat=\count305
)
(C:\Users\rocel\AppData\Local\Programs\MiKTeX\tex/latex/caption\subcaption.sty
Package: subcaption 2023/07/28 v1.6b Sub-captions (AR)
Package caption Info: New subtype `subfigure' on input line 238.
\c@subfigure=\count306
Package caption Info: New subtype `subtable' on input line 238.
\c@subtable=\count307
) (C:\Users\rocel\AppData\Local\Programs\MiKTeX\tex/latex/natbib\natbib.sty
Package: natbib 2010/09/13 8.31b (PWD, AO)
\bibhang=\skip54
\bibsep=\skip55
LaTeX Info: Redefining \cite on input line 694.
\c@NAT@ctr=\count308
)
(C:\Users\rocel\AppData\Local\Programs\MiKTeX\tex/latex/setspace\setspace.sty
Package: setspace 2022/12/04 v6.7b set line spacing
)
(C:\Users\rocel\AppData\Local\Programs\MiKTeX\tex/latex/hyperref\hyperref.sty
Package: hyperref 2026-01-29 v7.01p Hypertext links for LaTeX

(C:\Users\rocel\AppData\Local\Programs\MiKTeX\tex/latex/kvsetkeys\kvsetkeys.sty
Package: kvsetkeys 2022-10-05 v1.19 Key value parser (HO)
)
(C:\Users\rocel\AppData\Local\Programs\MiKTeX\tex/generic/kvdefinekeys\kvdefine
keys.sty
Package: kvdefinekeys 2019-12-19 v1.6 Define keys (HO)
)
(C:\Users\rocel\AppData\Local\Programs\MiKTeX\tex/generic/pdfescape\pdfescape.s
ty
Package: pdfescape 2019/12/09 v1.15 Implements pdfTeX's escape features (HO)

(C:\Users\rocel\AppData\Local\Programs\MiKTeX\tex/generic/ltxcmds\ltxcmds.sty
Package: ltxcmds 2023-12-04 v1.26 LaTeX kernel commands for general use (HO)
)
(C:\Users\rocel\AppData\Local\Programs\MiKTeX\tex/generic/pdftexcmds\pdftexcmds
.sty
Package: pdftexcmds 2020-06-27 v0.33 Utility functions of pdfTeX for LuaTeX (HO
)

(C:\Users\rocel\AppData\Local\Programs\MiKTeX\tex/generic/infwarerr\infwarerr.s
ty
Package: infwarerr 2019/12/03 v1.5 Providing info/warning/error messages (HO)
)
Package pdftexcmds Info: \pdf@primitive is available.
Package pdftexcmds Info: \pdf@ifprimitive is available.
Package pdftexcmds Info: \pdfdraftmode found.
))
(C:\Users\rocel\AppData\Local\Programs\MiKTeX\tex/latex/hycolor\hycolor.sty
Package: hycolor 2020-01-27 v1.10 Color options for hyperref/bookmark (HO)
)
(C:\Users\rocel\AppData\Local\Programs\MiKTeX\tex/latex/hyperref\nameref.sty
Package: nameref 2026-01-29 v2.58 Cross-referencing by name of section

(C:\Users\rocel\AppData\Local\Programs\MiKTeX\tex/latex/refcount\refcount.sty
Package: refcount 2019/12/15 v3.6 Data extraction from label references (HO)
)
(C:\Users\rocel\AppData\Local\Programs\MiKTeX\tex/generic/gettitlestring\gettit
lestring.sty
Package: gettitlestring 2019/12/15 v1.6 Cleanup title references (HO)

(C:\Users\rocel\AppData\Local\Programs\MiKTeX\tex/latex/kvoptions\kvoptions.sty
Package: kvoptions 2022-06-15 v3.15 Key value format for package options (HO)
))
\c@section@level=\count309
)
(C:\Users\rocel\AppData\Local\Programs\MiKTeX\tex/latex/etoolbox\etoolbox.sty
Package: etoolbox 2025/10/02 v2.5m e-TeX tools for LaTeX (JAW)
\etb@tempcnta=\count310
)
(C:\Users\rocel\AppData\Local\Programs\MiKTeX\tex/generic/stringenc\stringenc.s
ty
Package: stringenc 2019/11/29 v1.12 Convert strings between diff. encodings (HO
)
)
\@linkdim=\dimen190
\Hy@linkcounter=\count311
\Hy@pagecounter=\count312
 (C:\Users\rocel\AppData\Local\Programs\MiKTeX\tex/latex/hyperref\pd1enc.def
File: pd1enc.def 2026-01-29 v7.01p Hyperref: PDFDocEncoding definition (HO)
Now handling font encoding PD1 ...
... no UTF-8 mapping file for font encoding PD1
) (C:\Users\rocel\AppData\Local\Programs\MiKTeX\tex/generic/intcalc\intcalc.sty
Package: intcalc 2019/12/15 v1.3 Expandable calculations with integers (HO)
)
\Hy@SavedSpaceFactor=\count313
 (C:\Users\rocel\AppData\Local\Programs\MiKTeX\tex/latex/hyperref\puenc.def
File: puenc.def 2026-01-29 v7.01p Hyperref: PDF Unicode definition (HO)
Now handling font encoding PU ...
... no UTF-8 mapping file for font encoding PU
)
Package hyperref Info: Hyper figures OFF on input line 4201.
Package hyperref Info: Link nesting OFF on input line 4206.
Package hyperref Info: Hyper index ON on input line 4209.
Package hyperref Info: Plain pages OFF on input line 4216.
Package hyperref Info: Backreferencing OFF on input line 4221.
Package hyperref Info: Implicit mode ON; LaTeX internals redefined.
Package hyperref Info: Bookmarks ON on input line 4468.
\c@Hy@tempcnt=\count314

(C:\Users\rocel\AppData\Local\Programs\MiKTeX\tex/latex/url\url.sty
\Urlmuskip=\muskip18
Package: url 2013/09/16  ver 3.4  Verb mode for urls, etc.
)
LaTeX Info: Redefining \url on input line 4807.
\XeTeXLinkMargin=\dimen191

(C:\Users\rocel\AppData\Local\Programs\MiKTeX\tex/generic/bitset\bitset.sty
Package: bitset 2019/12/09 v1.3 Handle bit-vector datatype (HO)

(C:\Users\rocel\AppData\Local\Programs\MiKTeX\tex/generic/bigintcalc\bigintcalc
.sty
Package: bigintcalc 2019/12/15 v1.5 Expandable calculations on big integers (HO
)
))
\Fld@menulength=\count315
\Field@Width=\dimen192
\Fld@charsize=\dimen193
Package hyperref Info: Hyper figures OFF on input line 6084.
Package hyperref Info: Link nesting OFF on input line 6089.
Package hyperref Info: Hyper index ON on input line 6092.
Package hyperref Info: backreferencing OFF on input line 6099.
Package hyperref Info: Link coloring OFF on input line 6104.
Package hyperref Info: Link coloring with OCG OFF on input line 6109.
Package hyperref Info: PDF/A mode OFF on input line 6114.
\Hy@abspage=\count316
\c@Item=\count317
\c@Hfootnote=\count318
)
Package hyperref Info: Driver (autodetected): hpdftex.

(C:\Users\rocel\AppData\Local\Programs\MiKTeX\tex/latex/hyperref\hpdftex.def
File: hpdftex.def 2026-01-29 v7.01p Hyperref driver for pdfTeX
\Fld@listcount=\count319
\c@bookmark@seq@number=\count320

(C:\Users\rocel\AppData\Local\Programs\MiKTeX\tex/latex/rerunfilecheck\rerunfil
echeck.sty
Package: rerunfilecheck 2025-06-21 v1.11 Rerun checks for auxiliary files (HO)

(C:\Users\rocel\AppData\Local\Programs\MiKTeX\tex/generic/uniquecounter\uniquec
ounter.sty
Package: uniquecounter 2019/12/15 v1.4 Provide unlimited unique counter (HO)
)
Package uniquecounter Info: New unique counter `rerunfilecheck' on input line 2
84.
)
\Hy@SectionHShift=\skip56
)
(C:\Users\rocel\AppData\Local\Programs\MiKTeX\tex/latex/tools\array.sty
Package: array 2025/09/25 v2.6n Tabular extension package (FMi)
\col@sep=\dimen194
\ar@mcellbox=\box55
\extrarowheight=\dimen195
\NC@list=\toks26
\extratabsurround=\skip57
\backup@length=\skip58
\ar@cellbox=\box56
)
(C:\Users\rocel\AppData\Local\Programs\MiKTeX\tex/latex/multirow\multirow.sty
Package: multirow 2024/11/12 v2.9 Span multiple rows of a table
\multirow@colwidth=\skip59
\multirow@cntb=\count321
\multirow@dima=\skip60
\bigstrutjot=\dimen196
)
(C:\Users\rocel\AppData\Local\Programs\MiKTeX\tex/latex/float\float.sty
Package: float 2001/11/08 v1.3d Float enhancements (AL)
\c@float@type=\count322
\float@exts=\toks27
\float@box=\box57
\@float@everytoks=\toks28
\@floatcapt=\box58
)
(C:\Users\rocel\AppData\Local\Programs\MiKTeX\tex/latex/microtype\microtype.sty
Package: microtype 2025/07/09 v3.2b Micro-typographical refinements (RS)
\MT@toks=\toks29
\MT@tempbox=\box59
\MT@count=\count323
LaTeX Info: Redefining \noprotrusionifhmode on input line 1087.
LaTeX Info: Redefining \leftprotrusion on input line 1088.
\MT@prot@toks=\toks30
LaTeX Info: Redefining \rightprotrusion on input line 1107.
LaTeX Info: Redefining \textls on input line 1449.
\MT@outer@kern=\dimen197
LaTeX Info: Redefining \microtypecontext on input line 2053.
LaTeX Info: Redefining \textmicrotypecontext on input line 2070.
\MT@listname@count=\count324

(C:\Users\rocel\AppData\Local\Programs\MiKTeX\tex/latex/microtype\microtype-pdf
tex.def
File: microtype-pdftex.def 2025/07/09 v3.2b Definitions specific to pdftex (RS)

LaTeX Info: Redefining \lsstyle on input line 944.
LaTeX Info: Redefining \lslig on input line 944.
\MT@outer@space=\skip61
)
Package microtype Info: Loading configuration file microtype.cfg.

(C:\Users\rocel\AppData\Local\Programs\MiKTeX\tex/latex/microtype\microtype.cfg
File: microtype.cfg 2025/07/09 v3.2b microtype main configuration file (RS)
)
LaTeX Info: Redefining \microtypesetup on input line 3065.
)
LaTeX Font Info:    Trying to load font information for T1+lmr on input line 42
.
 (C:\Users\rocel\AppData\Local\Programs\MiKTeX\tex/latex/lm\t1lmr.fd
File: t1lmr.fd 2015/05/01 v1.6.1 Font defs for Latin Modern
)
(C:\Users\rocel\AppData\Local\Programs\MiKTeX\tex/latex/l3backend\l3backend-pdf
tex.def
File: l3backend-pdftex.def 2025-10-09 L3 backend support: PDF output (pdfTeX)
\l__color_backend_stack_int=\count325
) (SOL.aux
Package babel Info: 'portuguese' activates 'portuges' shorthands.
(babel)             Reported on input line 8.
)
\openout1 = `SOL.aux'.

LaTeX Font Info:    Checking defaults for OML/cmm/m/it on input line 42.
LaTeX Font Info:    ... okay on input line 42.
LaTeX Font Info:    Checking defaults for OMS/cmsy/m/n on input line 42.
LaTeX Font Info:    ... okay on input line 42.
LaTeX Font Info:    Checking defaults for OT1/cmr/m/n on input line 42.
LaTeX Font Info:    ... okay on input line 42.
LaTeX Font Info:    Checking defaults for T1/cmr/m/n on input line 42.
LaTeX Font Info:    ... okay on input line 42.
LaTeX Font Info:    Checking defaults for TS1/cmr/m/n on input line 42.
LaTeX Font Info:    ... okay on input line 42.
LaTeX Font Info:    Checking defaults for OMX/cmex/m/n on input line 42.
LaTeX Font Info:    ... okay on input line 42.
LaTeX Font Info:    Checking defaults for U/cmr/m/n on input line 42.
LaTeX Font Info:    ... okay on input line 42.
LaTeX Font Info:    Checking defaults for PD1/pdf/m/n on input line 42.
LaTeX Font Info:    ... okay on input line 42.
LaTeX Font Info:    Checking defaults for PU/pdf/m/n on input line 42.
LaTeX Font Info:    ... okay on input line 42.

(C:\Users\rocel\AppData\Local\Programs\MiKTeX\tex/context/base/mkii\supp-pdf.mk
ii
[Loading MPS to PDF converter (version 2006.09.02).]
\scratchcounter=\count326
\scratchdimen=\dimen198
\scratchbox=\box60
\nofMPsegments=\count327
\nofMParguments=\count328
\everyMPshowfont=\toks31
\MPscratchCnt=\count329
\MPscratchDim=\dimen199
\MPnumerator=\count330
\makeMPintoPDFobject=\count331
\everyMPtoPDFconversion=\toks32
)
(C:\Users\rocel\AppData\Local\Programs\MiKTeX\tex/latex/epstopdf-pkg\epstopdf-b
ase.sty
Package: epstopdf-base 2020-01-24 v2.11 Base part for package epstopdf
Package epstopdf-base Info: Redefining graphics rule for `.eps' on input line 4
85.

(C:\Users\rocel\AppData\Local\Programs\MiKTeX\tex/latex/00miktex\epstopdf-sys.c
fg
File: epstopdf-sys.cfg 2021/03/18 v2.0 Configuration of epstopdf for MiKTeX
))
*geometry* driver: auto-detecting
*geometry* detected driver: pdftex
*geometry* verbose mode - [ preamble ] result:
* driver: pdftex
* paper: a4paper
* layout: <same size as paper>
* layoutoffset:(h,v)=(0.0pt,0.0pt)
* modes: 
* h-part:(L,W,R)=(71.13188pt, 455.24411pt, 71.13188pt)
* v-part:(T,H,B)=(71.13188pt, 702.78308pt, 71.13188pt)
* \paperwidth=597.50787pt
* \paperheight=845.04684pt
* \textwidth=455.24411pt
* \textheight=702.78308pt
* \oddsidemargin=-1.1381pt
* \evensidemargin=-1.1381pt
* \topmargin=-38.1381pt
* \headheight=12.0pt
* \headsep=25.0pt
* \topskip=12.0pt
* \footskip=30.0pt
* \marginparwidth=35.0pt
* \marginparsep=10.0pt
* \columnsep=10.0pt
* \skip\footins=10.8pt plus 4.0pt minus 2.0pt
* \hoffset=0.0pt
* \voffset=0.0pt
* \mag=1000
* \@twocolumnfalse
* \@twosidefalse
* \@mparswitchfalse
* \@reversemarginfalse
* (1in=72.27pt=25.4mm, 1cm=28.453pt)

Package caption Info: Begin \AtBeginDocument code.
Package caption Info: float package is loaded.
Package caption Info: hyperref package is loaded.
Package caption Info: End \AtBeginDocument code.
Package hyperref Info: Link coloring OFF on input line 42.
(SOL.out) (SOL.out)
\@outlinefile=\write3
\openout3 = `SOL.out'.

LaTeX Info: Redefining \microtypecontext on input line 42.
Package microtype Info: Applying patch `item' on input line 42.
Package microtype Info: Applying patch `toc' on input line 42.
Package microtype Info: Applying patch `eqnum' on input line 42.


Package microtype Warning: Unable to apply patch `footnote' on input line 42.

Package microtype Info: Applying patch `verbatim' on input line 42.
LaTeX Info: Redefining \microtypesetup on input line 42.
Package microtype Info: Generating PDF output.
Package microtype Info: Character protrusion enabled (level 2).
Package microtype Info: Using default protrusion set `alltext'.
Package microtype Info: No font expansion.
Package microtype Info: No adjustment of tracking.
Package microtype Info: No adjustment of interword spacing.
Package microtype Info: No adjustment of character kerning.
(C:\Users\rocel\AppData\Local\Programs\MiKTeX\tex/latex/microtype\mt-cmr.cfg
File: mt-cmr.cfg 2013/05/19 v2.2 microtype config. file: Computer Modern Roman 
(RS)
)
LaTeX Font Info:    Trying to load font information for OT1+lmr on input line 5
0.

(C:\Users\rocel\AppData\Local\Programs\MiKTeX\tex/latex/lm\ot1lmr.fd
File: ot1lmr.fd 2015/05/01 v1.6.1 Font defs for Latin Modern
)
LaTeX Font Info:    Trying to load font information for OML+lmm on input line 5
0.

(C:\Users\rocel\AppData\Local\Programs\MiKTeX\tex/latex/lm\omllmm.fd
File: omllmm.fd 2015/05/01 v1.6.1 Font defs for Latin Modern
)
LaTeX Font Info:    Trying to load font information for OMS+lmsy on input line 
50.

(C:\Users\rocel\AppData\Local\Programs\MiKTeX\tex/latex/lm\omslmsy.fd
File: omslmsy.fd 2015/05/01 v1.6.1 Font defs for Latin Modern
)
LaTeX Font Info:    Trying to load font information for OMX+lmex on input line 
50.

(C:\Users\rocel\AppData\Local\Programs\MiKTeX\tex/latex/lm\omxlmex.fd
File: omxlmex.fd 2015/05/01 v1.6.1 Font defs for Latin Modern
)
LaTeX Font Info:    External font `lmex10' loaded for size
(Font)              <14.4> on input line 50.
LaTeX Font Info:    External font `lmex10' loaded for size
(Font)              <10> on input line 50.
LaTeX Font Info:    External font `lmex10' loaded for size
(Font)              <7> on input line 50.
LaTeX Font Info:    Trying to load font information for TS1+lmr on input line 5
0.

(C:\Users\rocel\AppData\Local\Programs\MiKTeX\tex/latex/lm\ts1lmr.fd
File: ts1lmr.fd 2015/05/01 v1.6.1 Font defs for Latin Modern
)
LaTeX Font Info:    External font `lmex10' loaded for size
(Font)              <5> on input line 50.
 [1

{C:/Users/rocel/AppData/Local/MiKTeX/fonts/map/pdftex/pdftex.map}{C:/Users/roce
l/AppData/Local/Programs/MiKTeX/fonts/enc/dvips/lm/lm-ec.enc}{C:/Users/rocel/Ap
pData/Local/Programs/MiKTeX/fonts/enc/dvips/lm/lm-ts1.enc}]
LaTeX Font Info:    External font `lmex10' loaded for size
(Font)              <12> on input line 88.
LaTeX Font Info:    External font `lmex10' loaded for size
(Font)              <8> on input line 88.
LaTeX Font Info:    External font `lmex10' loaded for size
(Font)              <6> on input line 88.

Overfull \hbox (1.66121pt too wide) in paragraph at lines 88--89
[][] 
 []

[2] (SOL.toc [3] [4])
\tf@toc=\write4
\openout4 = `SOL.toc'.

 [5] [6] [7] [8] [9] [10{C:/Users/rocel/AppData/Local/Programs/MiKTeX/fonts/enc
/dvips/lm/lm-rm.enc}{C:/Users/rocel/AppData/Local/Programs/MiKTeX/fonts/enc/dvi
ps/lm/lm-mathsy.enc}]
Underfull \hbox (badness 10000) in paragraph at lines 209--209
[]|\T1/lmr/bx/n/10 GEESP-Angola
 []


Underfull \hbox (badness 10000) in paragraph at lines 209--209
[]|\T1/lmr/bx/n/10 Nassar et al.
 []


Underfull \hbox (badness 10000) in paragraph at lines 209--210
[]|\T1/lmr/bx/n/10 Li & Wang
 []


Underfull \hbox (badness 10000) in paragraph at lines 213--213
[]|\T1/lmr/m/n/10 Mini-redes
 []


Underfull \hbox (badness 10000) in paragraph at lines 213--213
\T1/lmr/m/n/10 co-mu-ni-tá-rias
 []


Underfull \hbox (badness 10000) in paragraph at lines 213--213
\T1/lmr/m/n/10 (5^^U25 kW) com
 []


Underfull \hbox (badness 10000) in paragraph at lines 213--213
\T1/lmr/m/n/10 ar-ma-ze-na-mento,
 []


Underfull \hbox (badness 10000) in paragraph at lines 213--213
\T1/lmr/m/n/10 foco em
 []


Underfull \hbox (badness 10000) in paragraph at lines 213--213
\T1/lmr/m/n/10 co-mu-ni-da-des
 []


Underfull \hbox (badness 3250) in paragraph at lines 213--214
\T1/lmr/m/n/10 nais; mo-de-los de
 []


Underfull \hbox (badness 10000) in paragraph at lines 215--215
[]|\T1/lmr/m/n/10 Provincial (Hu-íla,
 []


Underfull \hbox (badness 2781) in paragraph at lines 215--215
\T1/lmr/m/n/10 An-gola); 3 zo-nas
 []


Underfull \hbox (badness 10000) in paragraph at lines 215--215
\T1/lmr/m/n/10 pri-o-ri-tá-rias, 45
 []


Underfull \hbox (badness 10000) in paragraph at lines 215--215
\T1/lmr/m/n/10 co-mu-ni-da-des,
 []


Overfull \hbox (8.66919pt too wide) in paragraph at lines 215--215
[]|\T1/lmr/m/n/10 Continental/Regional
 []


Underfull \hbox (badness 10000) in paragraph at lines 215--215
\T1/lmr/m/n/10 de vi-a-bi-li-dade
 []


Underfull \hbox (badness 10000) in paragraph at lines 215--216
[]|\T1/lmr/m/n/10 Macrorregional
 []


Underfull \hbox (badness 10000) in paragraph at lines 215--216
\T1/lmr/m/n/10 por di-vi-sőes
 []


Underfull \hbox (badness 4096) in paragraph at lines 219--219
[]|\T1/lmr/m/n/10 AHP (6 cri-té-rios:
 []


Underfull \hbox (badness 10000) in paragraph at lines 219--219
\T1/lmr/m/n/10 Ir-ra-di-a-çăo,
 []


Underfull \hbox (badness 10000) in paragraph at lines 219--219
\T1/lmr/m/n/10 Po-pu-la-çăo,
 []


Underfull \hbox (badness 10000) in paragraph at lines 219--219
\T1/lmr/m/n/10 Dis-tân-cia rede,
 []


Underfull \hbox (badness 10000) in paragraph at lines 219--219
\T1/lmr/m/n/10 Ti-pos uso solo)
 []


Underfull \hbox (badness 10000) in paragraph at lines 219--219
\T1/lmr/m/n/10 pon-de-ra-çăo por
 []


Underfull \hbox (badness 10000) in paragraph at lines 219--219
\T1/lmr/m/n/10 com-pa-ra-çőes
 []


Underfull \hbox (badness 4995) in paragraph at lines 219--219
\T1/lmr/m/n/10 ba-si-ca-mente téc-ni-
 []


Underfull \hbox (badness 5578) in paragraph at lines 219--219
\T1/lmr/m/n/10 cos e am-bi-en-tais;
 []


Underfull \hbox (badness 1210) in paragraph at lines 219--220
[]|\T1/lmr/m/n/10 Regressăo li-near /
 []


Underfull \hbox (badness 2005) in paragraph at lines 219--220
\T1/lmr/m/n/10 nas; foco em de-
 []


Underfull \hbox (badness 4036) in paragraph at lines 221--221
[]|\T1/lmr/m/n/10 Densidade po-pu-la-
 []


Underfull \hbox (badness 5832) in paragraph at lines 221--221
\T1/lmr/m/n/10 ti-di-men-si-o-nal, im-
 []


Underfull \hbox (badness 2134) in paragraph at lines 221--221
\T1/lmr/m/n/10 pacto em li-ve-liho-
 []


Underfull \hbox (badness 4699) in paragraph at lines 221--221
[]|\T1/lmr/m/n/10 Limitados; prin-ci-
 []


Underfull \hbox (badness 7256) in paragraph at lines 221--221
\T1/lmr/m/n/10 pal-mente uso do
 []


Underfull \hbox (badness 10000) in paragraph at lines 223--223
[]|\T1/lmr/m/n/10 Razăo de
 []


Underfull \hbox (badness 10000) in paragraph at lines 223--223
\T1/lmr/m/n/10 Con-sis-tęn-cia
 []


Underfull \hbox (badness 10000) in paragraph at lines 223--223
\T1/lmr/m/n/10 AHP: CR=0.0847
 []


Underfull \hbox (badness 10000) in paragraph at lines 223--223
\T1/lmr/m/n/10 (con-sis-tęn-cia),
 []


Underfull \hbox (badness 10000) in paragraph at lines 223--223
\T1/lmr/m/n/10 aná-lise de
 []


Underfull \hbox (badness 10000) in paragraph at lines 223--223
\T1/lmr/m/n/10 sen-si-bi-li-dade
 []


Underfull \hbox (badness 10000) in paragraph at lines 223--223
\TS1/lmr/m/n/10 ±\T1/lmr/m/n/10 20% so-bre 42
 []


Underfull \hbox (badness 4492) in paragraph at lines 223--223
\T1/lmr/m/n/10 ce-ná-rios, ro-bus-tez
 []


Underfull \hbox (badness 10000) in paragraph at lines 223--223
\T1/lmr/m/n/10 con-fir-mada em
 []


Underfull \hbox (badness 3219) in paragraph at lines 223--223
[]|\T1/lmr/m/n/10 Sensibilidade men-
 []


Underfull \hbox (badness 5302) in paragraph at lines 223--223
\T1/lmr/m/n/10 ci-o-nada mas năo
 []


Underfull \hbox (badness 1412) in paragraph at lines 223--223
\T1/lmr/m/n/10 ta-mente; foco em
 []


Underfull \hbox (badness 10000) in paragraph at lines 223--224
[]|\T1/lmr/m/n/10 Funçőes de
 []


Underfull \hbox (badness 10000) in paragraph at lines 223--224
\T1/lmr/m/n/10 con-traste e
 []


Underfull \hbox (badness 10000) in paragraph at lines 223--224
\T1/lmr/m/n/10 oti-mi-za-çăo;
 []


Underfull \hbox (badness 10000) in paragraph at lines 223--224
\T1/lmr/m/n/10 va-li-da-çăo via
 []


Underfull \hbox (badness 10000) in paragraph at lines 223--224
\T1/lmr/m/n/10 com-pa-ra-çăo com
 []


Underfull \hbox (badness 10000) in paragraph at lines 227--227
\T1/lmr/m/n/10 (PV Fixo, PV
 []


Underfull \hbox (badness 10000) in paragraph at lines 227--227
\T1/lmr/m/n/10 com ras-tre-a-dor
 []


Underfull \hbox (badness 10000) in paragraph at lines 227--227
\T1/lmr/m/n/10 1-eixo, Hí-brido
 []


Underfull \hbox (badness 10000) in paragraph at lines 227--227
\T1/lmr/m/n/10 Solar-Diesel) com
 []


Underfull \hbox (badness 10000) in paragraph at lines 227--227
\T1/lmr/m/n/10 cus-tos re-gi-o-nais
 []


Underfull \hbox (badness 1205) in paragraph at lines 227--227
\T1/lmr/m/n/10 de fluxo de caixa
 []


Underfull \hbox (badness 10000) in paragraph at lines 227--227
\T1/lmr/m/n/10 ava-li-ada; aná-lise
 []


Underfull \hbox (badness 2626) in paragraph at lines 227--228
[]|\T1/lmr/m/n/10 Análise de cus-tos
 []


Underfull \hbox (badness 10000) in paragraph at lines 227--228
\T1/lmr/m/n/10 de in-ves-ti-mento
 []


Underfull \hbox (badness 10000) in paragraph at lines 227--228
\T1/lmr/m/n/10 agre-gado; sem
 []


Underfull \hbox (badness 10000) in paragraph at lines 227--228
\T1/lmr/m/n/10 de-sa-gre-ga-çăo por
 []


Underfull \hbox (badness 10000) in paragraph at lines 227--228
\T1/lmr/m/n/10 tec-no-lo-gia ou
 []


Underfull \hbox (badness 10000) in paragraph at lines 229--229
[]|\T1/lmr/m/n/10 Consideraçăo de
 []


Underfull \hbox (badness 1895) in paragraph at lines 229--229
\T1/lmr/m/n/10 o-pe-ra-ti-vas de mu-
 []


Underfull \hbox (badness 10000) in paragraph at lines 233--233
[]|\T1/lmr/m/n/10 Validaçăo em
 []


Underfull \hbox (badness 10000) in paragraph at lines 233--233
[]|\T1/lmr/m/n/10 Protocolo
 []


Underfull \hbox (badness 10000) in paragraph at lines 233--233
\T1/lmr/m/n/10 adap-ta-tivo
 []


Underfull \hbox (badness 10000) in paragraph at lines 233--233
\T1/lmr/m/n/10 de ir-ra-di-a-çăo
 []


Underfull \hbox (badness 10000) in paragraph at lines 233--233
\T1/lmr/m/n/10 in-situ 6 me-ses
 []


Underfull \hbox (badness 10000) in paragraph at lines 233--233
\T1/lmr/m/n/10 an-tes, ajuste
 []


Underfull \hbox (badness 10000) in paragraph at lines 233--233
\T1/lmr/m/n/10 de pre-mis-sas,
 []


Underfull \hbox (badness 10000) in paragraph at lines 233--233
\T1/lmr/m/n/10 de-sign mo-du-lar
 []


Underfull \hbox (badness 10000) in paragraph at lines 233--233
\T1/lmr/m/n/10 para apren-di-zado
 []


Underfull \hbox (badness 3954) in paragraph at lines 233--233
[]|\T1/lmr/m/n/10 Menos ęn-fase em
 []


Underfull \hbox (badness 10000) in paragraph at lines 233--233
\T1/lmr/m/n/10 pro-to-co-los de
 []


Underfull \hbox (badness 6477) in paragraph at lines 233--233
\T1/lmr/m/n/10 campo; foco em
 []


Underfull \hbox (badness 10000) in paragraph at lines 235--235
[]|\T1/lmr/m/n/10 Código-fonte
 []


Underfull \hbox (badness 10000) in paragraph at lines 235--235
\T1/lmr/m/n/10 com-pleto em
 []


Underfull \hbox (badness 10000) in paragraph at lines 235--235
\T1/lmr/m/n/10 GitHub (Python,
 []


Underfull \hbox (badness 10000) in paragraph at lines 235--235
\T1/lmr/m/n/10 QGIS), da-ta-sets
 []


Underfull \hbox (badness 10000) in paragraph at lines 235--235
\T1/lmr/m/n/10 pú-bli-cos (NASA
 []


Underfull \hbox (badness 10000) in paragraph at lines 235--235
\T1/lmr/m/n/10 POWER,
 []


Underfull \hbox (badness 2205) in paragraph at lines 235--235
\T1/lmr/m/n/10 Sentinel-2, Go-o-gle
 []


Underfull \hbox (badness 10000) in paragraph at lines 235--235
\T1/lmr/m/n/10 Earth En-gine),
 []


Underfull \hbox (badness 3271) in paragraph at lines 235--236
\T1/lmr/m/n/10 me-nor do-cu-men-ta-
 []


Underfull \hbox (badness 2521) in paragraph at lines 235--236
\T1/lmr/m/n/10 çăo de re-pli-ca-bi-li-
 []


Underfull \hbox (badness 10000) in paragraph at lines 237--237
\T1/lmr/m/n/10 mó-du-los Python
 []


Underfull \hbox (badness 10000) in paragraph at lines 237--237
\T1/lmr/m/n/10 (MCDA, LCOE,
 []


Underfull \hbox (badness 10000) in paragraph at lines 237--237
\T1/lmr/m/n/10 GEE ex-trac-tion,
 []


Underfull \hbox (badness 10000) in paragraph at lines 237--237
\T1/lmr/m/n/10 12/12 tes-tes
 []


Underfull \hbox (badness 5260) in paragraph at lines 237--237
[]|\T1/lmr/m/n/10 Descriçăo me-to-do-
 []


Underfull \hbox (badness 3780) in paragraph at lines 237--237
\T1/lmr/m/n/10 fun-di-dade em de-
 []


Underfull \hbox (badness 2310) in paragraph at lines 237--237
\T1/lmr/m/n/10 ta-lhes com-pu-ta-ci-o-
 []


Underfull \hbox (badness 10000) in paragraph at lines 237--238
[]|\T1/lmr/m/n/10 Formulaçőes
 []


Underfull \hbox (badness 10000) in paragraph at lines 237--238
\T1/lmr/m/n/10 ma-te-má-ti-cas;
 []


Underfull \hbox (badness 10000) in paragraph at lines 237--238
\T1/lmr/m/n/10 me-nos acesso a
 []


Underfull \hbox (badness 4792) in paragraph at lines 241--241
[]|\T1/lmr/m/n/10 Resultados Pri-má-
 []


Underfull \hbox (badness 10000) in paragraph at lines 241--241
\T1/lmr/m/n/10 (Ca-cula 0.83,
 []


Underfull \hbox (badness 10000) in paragraph at lines 241--241
\T1/lmr/m/n/10 Hum-pata 0.79,
 []


Underfull \hbox (badness 10000) in paragraph at lines 241--241
\T1/lmr/m/n/10 Qui-len-gues 0.76),
 []


Underfull \hbox (badness 10000) in paragraph at lines 241--241
\T1/lmr/m/n/10 LCOE USD
 []


Underfull \hbox (badness 10000) in paragraph at lines 241--241
\T1/lmr/m/n/10 0.18^^U0.22/kWh,
 []


Underfull \hbox (badness 10000) in paragraph at lines 241--241
\T1/lmr/m/n/10 191.000 be-ne-fi-ci-
 []


Underfull \hbox (badness 10000) in paragraph at lines 241--241
\T1/lmr/m/n/10 á-rios, 18 me-ses
 []


Underfull \hbox (badness 3138) in paragraph at lines 241--241
\T1/lmr/m/n/10 38% do ter-ri-tó-rio
 []


Underfull \hbox (badness 10000) in paragraph at lines 241--242
[]|\T1/lmr/m/n/10 Estimativas
 []


Underfull \hbox (badness 10000) in paragraph at lines 241--242
\T1/lmr/m/n/10 de po-ten-cial
 []


Underfull \hbox (badness 10000) in paragraph at lines 241--242
\T1/lmr/m/n/10 ener-gé-tico
 []


Underfull \hbox (badness 10000) in paragraph at lines 241--242
\T1/lmr/m/n/10 de de-manda
 []


Underfull \hbox (badness 1112) in paragraph at lines 243--243
[]|\T1/lmr/m/n/10 Recomendaçőes es-
 []


Underfull \hbox (badness 1132) in paragraph at lines 243--243
\T1/lmr/m/n/10 pe-cí-fi-cas por zona
 []


Underfull \hbox (badness 10000) in paragraph at lines 243--243
[]|\T1/lmr/m/n/10 Útil para
 []


Underfull \hbox (badness 10000) in paragraph at lines 243--243
\T1/lmr/m/n/10 para mini-redes
 []


Underfull \hbox (badness 10000) in paragraph at lines 243--244
[]|\T1/lmr/m/n/10 Útil para
 []


Underfull \hbox (badness 10000) in paragraph at lines 243--244
\T1/lmr/m/n/10 mo-de-la-gem
 []


Underfull \hbox (badness 10000) in paragraph at lines 243--244
\T1/lmr/m/n/10 macro-energética
 []

[11] [12]
Overfull \vbox (935.45708pt too high) has occurred while \output is active []


[13] [14] [15] [16] [17{C:/Users/rocel/AppData/Local/Programs/MiKTeX/fonts/enc/
dvips/lm/lm-mathit.enc}]
Overfull \hbox (119.66571pt too wide) in paragraph at lines 380--395
 [][] 
 []

[18]
LaTeX Font Info:    External font `lmex10' loaded for size
(Font)              <10.95> on input line 447.

Overfull \hbox (101.57661pt too wide) in paragraph at lines 447--461
 [][] 
 []

[19]
Overfull \hbox (21.51628pt too wide) detected at line 521
[] \OT1/lmr/m/n/12 = [] = [] \OMS/lmsy/m/n/12 ^^Y \OT1/lmr/m/n/12 $0\OML/lmm/m/
it/12 :\OT1/lmr/m/n/12 28[]
 []


Overfull \hbox (37.22357pt too wide) in paragraph at lines 537--566
 [][] 
 []

[20] [21] [22] [23]
<figuras/mapa_irradiacao.pdf, id=584, 341.83308pt x 228.02188pt>
File: figuras/mapa_irradiacao.pdf Graphic file (type pdf)
<use figuras/mapa_irradiacao.pdf>
Package pdftex.def Info: figuras/mapa_irradiacao.pdf  used on input line 718.
(pdftex.def)             Requested size: 145.68144pt x 97.17766pt.
<figuras/mapa_populacao.pdf, id=585, 341.83308pt x 228.02188pt>
File: figuras/mapa_populacao.pdf Graphic file (type pdf)
<use figuras/mapa_populacao.pdf>
Package pdftex.def Info: figuras/mapa_populacao.pdf  used on input line 723.
(pdftex.def)             Requested size: 145.68144pt x 97.17766pt.
<figuras/mapa_distanciarede.pdf, id=586, 341.83308pt x 228.02188pt>
File: figuras/mapa_distanciarede.pdf Graphic file (type pdf)
<use figuras/mapa_distanciarede.pdf>
Package pdftex.def Info: figuras/mapa_distanciarede.pdf  used on input line 728
.
(pdftex.def)             Requested size: 145.68144pt x 97.17766pt.
 [24]
<figuras/mapa_aptidao_integrada.pdf, id=597, 344.99991pt x 256.4742pt>
File: figuras/mapa_aptidao_integrada.pdf Graphic file (type pdf)
<use figuras/mapa_aptidao_integrada.pdf>
Package pdftex.def Info: figuras/mapa_aptidao_integrada.pdf  used on input line
 739.
(pdftex.def)             Requested size: 364.19667pt x 270.76556pt.
 [25 <./figuras/mapa_irradiacao.pdf> <./figuras/mapa_populacao.pdf> <./figuras/
mapa_distanciarede.pdf> <./figuras/mapa_aptidao_integrada.pdf>] [26] [27]
Overfull \hbox (35.57208pt too wide) in paragraph at lines 840--852
 [][] 
 []

[28]
Overfull \hbox (71.49974pt too wide) in paragraph at lines 863--874
 [][] 
 []

[29] [30] [31]
Overfull \hbox (196.21985pt too wide) in paragraph at lines 982--1012
 [][] 
 []

[32] [33]
! Undefined control sequence.
\@sharp ->\checkmark 
                     \textbf {Todos os cenĂˇrios base e sensibilidade indica...
l.1065 ...ndicam viabilidade financeira positiva}}
                                                   \\
The control sequence at the end of the top line
of your error message was never \def'ed. If you have
misspelled it (e.g., `\hobx'), type `I' and the correct
spelling (e.g., `I\hbox'). Otherwise just continue,
and I'll forget about whatever was undefined.

! Undefined control sequence.
\@sharp ->\checkmark 
                     \textbf {PerĂ­odo de retorno 6-7 anos aceitĂˇvel para p...
l.1066 ...para projetos comunitĂˇrios de impacto}}
                                                   \\
The control sequence at the end of the top line
of your error message was never \def'ed. If you have
misspelled it (e.g., `\hobx'), type `I' and the correct
spelling (e.g., `I\hbox'). Otherwise just continue,
and I'll forget about whatever was undefined.

! Undefined control sequence.
\@sharp ->\checkmark 
                     \textbf {TIR 13-14\% competitivo em relaĂ§ĂŁo a alterna...
l.1067 ...alternativas de investimento em Angola}}
                                                   \\
The control sequence at the end of the top line
of your error message was never \def'ed. If you have
misspelled it (e.g., `\hobx'), type `I' and the correct
spelling (e.g., `I\hbox'). Otherwise just continue,
and I'll forget about whatever was undefined.

! Undefined control sequence.
\@sharp ->\checkmark 
                     \textbf {NPV agregado USD 58 MM demonstra atratividade ...
l.1068 ... para co-investimento privado/pĂşblico}}
                                                   \\
The control sequence at the end of the top line
of your error message was never \def'ed. If you have
misspelled it (e.g., `\hobx'), type `I' and the correct
spelling (e.g., `I\hbox'). Otherwise just continue,
and I'll forget about whatever was undefined.


Overfull \hbox (145.40613pt too wide) in paragraph at lines 1037--1071
 [][] 
 []

[34]
Underfull \hbox (badness 1436) in paragraph at lines 1099--1100
[]\T1/lmr/bx/n/12 Temporal de-sa-juste: \T1/lmr/m/n/12 Censo 2014 (-10 anos em 
re-la-çăo a 2024); cres-ci-
 []

[35] (SOL.bbl [36])
Underfull \hbox (badness 1990) in paragraph at lines 1154--1155
[]|\T1/lmr/m/n/10.95 Extraçăo au-to-ma-ti-zada de ra-
 []


Underfull \hbox (badness 10000) in paragraph at lines 1158--1159
[]|\T1/lmr/m/n/10.95 Calculadora di-nâ-mica
 []


Underfull \hbox (badness 10000) in paragraph at lines 1158--1159
\T1/lmr/m/n/10.95 NREL-Lazard para custo
 []


Overfull \hbox (50.5895pt too wide) in paragraph at lines 1146--1163
 [][] 
 []

[37]
LaTeX Font Info:    Trying to load font information for T1+lmtt on input line 1
165.
 (C:\Users\rocel\AppData\Local\Programs\MiKTeX\tex/latex/lm\t1lmtt.fd
File: t1lmtt.fd 2015/05/01 v1.6.1 Font defs for Latin Modern
)
Package microtype Info: Loading generic protrusion settings for font family
(microtype)             `lmtt' (encoding: T1).
(microtype)             For optimal results, create family-specific settings.
(microtype)             See the microtype manual for details.

[38] [39] [40] [41] [42]
Overfull \vbox (37.2306pt too high) has occurred while \output is active []


[43] [44]
Underfull \hbox (badness 2856) in paragraph at lines 1427--1428
[]\T1/lmr/m/n/12 Instruçőes de ins-ta-la-çăo e con-fi-gu-ra-çăo es-tăo dis-po-n
í-veis em \T1/lmtt/m/n/12 INSTALL.md \T1/lmr/m/n/12 e
 []

[45] [46] (SOL.aux)
 ***********
LaTeX2e <2025-11-01>
L3 programming layer <2026-01-19>
 ***********
Package rerunfilecheck Info: File `SOL.out' has not changed.
(rerunfilecheck)             Checksum: 7445F05C31A57BEA5B27DED1B746F1C2;22113.
 ) 
Here is how much of TeX's memory you used:
 15586 strings out of 467865
 255800 string characters out of 5418305
 726528 words of memory out of 5000000
 44025 multiletter control sequences out of 15000+600000
 710466 words of font info for 89 fonts, out of 8000000 for 9000
 1141 hyphenation exceptions out of 8191
 75i,11n,79p,1002b,640s stack positions out of 10000i,1000n,20000p,200000b,200000s
<C:/Users/rocel/AppData/Local/Programs/MiKTeX/fonts/type1/public/amsfonts/cm/
cmbx10.pfb><C:/Users/rocel/AppData/Local/Programs/MiKTeX/fonts/type1/public/lm/
lmbx10.pfb><C:/Users/rocel/AppData/Local/Programs/MiKTeX/fonts/type1/public/lm/
lmbx12.pfb><C:/Users/rocel/AppData/Local/Programs/MiKTeX/fonts/type1/public/lm/
lmmi12.pfb><C:/Users/rocel/AppData/Local/Programs/MiKTeX/fonts/type1/public/lm/
lmr10.pfb><C:/Users/rocel/AppData/Local/Programs/MiKTeX/fonts/type1/public/lm/l
mr12.pfb><C:/Users/rocel/AppData/Local/Programs/MiKTeX/fonts/type1/public/lm/lm
r17.pfb><C:/Users/rocel/AppData/Local/Programs/MiKTeX/fonts/type1/public/lm/lmr
7.pfb><C:/Users/rocel/AppData/Local/Programs/MiKTeX/fonts/type1/public/lm/lmr8.
pfb><C:/Users/rocel/AppData/Local/Programs/MiKTeX/fonts/type1/public/lm/lmri10.
pfb><C:/Users/rocel/AppData/Local/Programs/MiKTeX/fonts/type1/public/lm/lmri12.
pfb><C:/Users/rocel/AppData/Local/Programs/MiKTeX/fonts/type1/public/lm/lmsy10.
pfb><C:/Users/rocel/AppData/Local/Programs/MiKTeX/fonts/type1/public/lm/lmtt12.
pfb>
Output written on SOL.pdf (46 pages, 621876 bytes).
PDF statistics:
 884 PDF objects out of 1000 (max. 8388607)
 232 named destinations out of 1000 (max. 500000)
 16021 words of extra memory for PDF output out of 17280 (max. 10000000)

