2026-03-08 00:35:48,465 - utils.config_manager - INFO - [OK] Logging initialized for utils.config_manager
2026-03-08 00:37:50,167 - utils.config_manager - INFO - [OK] Logging initialized for utils.config_manager
2026-03-08 00:37:50,176 - utils.config_manager - INFO - Configuration loaded from config.json
2026-03-08 00:37:50,177 - utils.config_manager - INFO - Configuration loaded: development environment
2026-03-08 00:38:12,380 - utils.config_manager - INFO - [OK] Logging initialized for utils.config_manager
2026-03-08 00:38:12,386 - utils.config_manager - INFO - Configuration loaded from config.json
2026-03-08 00:38:12,387 - utils.config_manager - INFO - Configuration loaded: development environment
2026-03-08 00:38:12,391 - utils.validation - INFO - [OK] Logging initialized for utils.validation
2026-03-08 00:43:29,864 - utils.config_manager - INFO - [OK] Logging initialized for utils.config_manager
2026-03-08 00:43:29,870 - utils.config_manager - INFO - Configuration loaded from config.json
2026-03-08 00:43:29,871 - utils.config_manager - INFO - Configuration loaded: development environment
2026-03-08 00:43:30,010 - utils.validation - INFO - [OK] Logging initialized for utils.validation
2026-03-08 00:46:01,550 - utils.config_manager - INFO - [OK] Logging initialized for utils.config_manager
2026-03-08 00:46:01,557 - utils.config_manager - INFO - Configuration loaded from config.json
2026-03-08 00:46:01,559 - utils.config_manager - INFO - Configuration loaded: development environment
2026-03-08 00:46:01,563 - utils.validation - INFO - [OK] Logging initialized for utils.validation
2026-03-08 11:18:32,934 - utils.config_manager - INFO - [OK] Logging initialized for utils.config_manager
2026-03-08 11:18:32,937 - utils.config_manager - INFO - Configuration loaded from config.json
2026-03-08 11:18:32,937 - utils.config_manager - INFO - Configuration loaded: development environment
2026-03-08 11:18:32,940 - utils.validation - INFO - [OK] Logging initialized for utils.validation
2026-03-08 12:26:03,803 - utils.config_manager - INFO - [OK] Logging initialized for utils.config_manager
2026-03-08 12:26:03,806 - utils.config_manager - INFO - Configuration loaded from config.json
2026-03-08 12:26:03,807 - utils.config_manager - INFO - Configuration loaded: development environment
2026-03-08 12:26:03,810 - utils.validation - INFO - [OK] Logging initialized for utils.validation
2026-03-08 17:28:33,892 - utils.config_manager - INFO - [OK] Logging initialized for utils.config_manager
2026-03-08 17:28:33,895 - utils.config_manager - INFO - Configuration loaded from config.json
2026-03-08 17:28:33,897 - utils.config_manager - INFO - Configuration loaded: development environment
2026-03-08 17:28:33,898 - utils.data_processing - INFO - [OK] Logging initialized for utils.data_processing
2026-03-08 17:28:33,909 - utils.validation - INFO - [OK] Logging initialized for utils.validation
