\BOOKMARK [0][-]{chapter.1}{\376\377\000C\000h\000a\000m\000p\000i\000o\000n\000\040\000O\000v\000e\000r\000v\000i\000e\000w}{}% 1
\BOOKMARK [1][-]{section.1.1}{\376\377\000W\000h\000o\000\040\000i\000s\000\040\000E\000k\000k\000o\000?}{chapter.1}% 2
\BOOKMARK [1][-]{section.1.2}{\376\377\000S\000t\000r\000e\000n\000g\000t\000h\000s\000\040\000a\000n\000d\000\040\000W\000e\000a\000k\000n\000e\000s\000s\000e\000s}{chapter.1}% 3
\BOOKMARK [0][-]{chapter.2}{\376\377\000M\000o\000v\000e\000\040\000L\000i\000s\000t\000\040\000R\000e\000f\000e\000r\000e\000n\000c\000e}{}% 4
\BOOKMARK [1][-]{section.2.1}{\376\377\000N\000o\000t\000a\000t\000i\000o\000n\000\040\000G\000u\000i\000d\000e}{chapter.2}% 5
\BOOKMARK [1][-]{section.2.2}{\376\377\000N\000o\000r\000m\000a\000l\000\040\000M\000o\000v\000e\000s}{chapter.2}% 6
\BOOKMARK [2][-]{subsection.2.2.1}{\376\377\000M\000o\000v\000e\000\040\000D\000e\000m\000o\000n\000s\000t\000r\000a\000t\000i\000o\000n\000s}{section.2.2}% 7
\BOOKMARK [1][-]{section.2.3}{\376\377\000C\000o\000m\000m\000a\000n\000d\000\040\000N\000o\000r\000m\000a\000l\000s}{chapter.2}% 8
\BOOKMARK [1][-]{section.2.4}{\376\377\000S\000p\000e\000c\000i\000a\000l\000\040\000M\000o\000v\000e\000s}{chapter.2}% 9
\BOOKMARK [2][-]{subsection.2.4.1}{\376\377\000K\000e\000y\000\040\000S\000p\000e\000c\000i\000a\000l\000\040\000M\000o\000v\000e\000\040\000G\000a\000m\000e\000p\000l\000a\000y}{section.2.4}% 10
\BOOKMARK [1][-]{section.2.5}{\376\377\000T\000h\000r\000o\000w}{chapter.2}% 11
\BOOKMARK [1][-]{section.2.6}{\376\377\000S\000u\000p\000e\000r\000s\000\040\000a\000n\000d\000\040\000U\000l\000t\000i\000m\000a\000t\000e}{chapter.2}% 12
\BOOKMARK [1][-]{section.2.7}{\376\377\000A\000s\000s\000i\000s\000t\000\040\000M\000o\000v\000e\000s}{chapter.2}% 13
\BOOKMARK [0][-]{chapter.3}{\376\377\000F\000r\000a\000m\000e\000\040\000D\000a\000t\000a}{}% 14
\BOOKMARK [1][-]{section.3.1}{\376\377\000N\000o\000r\000m\000a\000l\000\040\000M\000o\000v\000e\000s\000\040\000F\000r\000a\000m\000e\000\040\000D\000a\000t\000a\000\040\000T\000a\000b\000l\000e}{chapter.3}% 15
\BOOKMARK [1][-]{section.3.2}{\376\377\000R\000e\000a\000d\000i\000n\000g\000\040\000t\000h\000e\000\040\000F\000r\000a\000m\000e\000\040\000D\000a\000t\000a}{chapter.3}% 16
\BOOKMARK [1][-]{section.3.3}{\376\377\000P\000r\000a\000c\000t\000i\000c\000a\000l\000\040\000F\000r\000a\000m\000e\000\040\000D\000a\000t\000a\000\040\000N\000o\000t\000e\000s}{chapter.3}% 17
\BOOKMARK [0][-]{chapter.4}{\376\377\000U\000n\000i\000q\000u\000e\000\040\000M\000e\000c\000h\000a\000n\000i\000c\000s}{}% 18
\BOOKMARK [1][-]{section.4.1}{\376\377\000A\000f\000t\000e\000r\000i\000m\000a\000g\000e\000\040\000S\000y\000s\000t\000e\000m}{chapter.4}% 19
\BOOKMARK [2][-]{subsection.4.1.1}{\376\377\000N\000o\000r\000m\000a\000l\000\040\000A\000f\000t\000e\000r\000i\000m\000a\000g\000e\000\040\000\050\000U\000n\000c\000h\000a\000r\000g\000e\000d\000\040\000S\0002\000\051}{section.4.1}% 20
\BOOKMARK [2][-]{subsection.4.1.2}{\376\377\000V\000o\000l\000a\000t\000i\000l\000e\000\040\000A\000f\000t\000e\000r\000i\000m\000a\000g\000e\000\040\000\050\000H\000o\000l\000d\000\040\000S\0002\000\040\000u\000n\000t\000i\000l\000\040\000f\000r\000a\000m\000e\000\040\0001\0008\000+\000\051}{section.4.1}% 21
\BOOKMARK [2][-]{subsection.4.1.3}{\376\377\000A\000f\000t\000e\000r\000i\000m\000a\000g\000e\000\040\000C\000a\000n\000c\000e\000l}{section.4.1}% 22
\BOOKMARK [1][-]{section.4.2}{\376\377\000T\000i\000m\000e\000w\000i\000n\000d\000e\000r\000\040\000M\000e\000c\000h\000a\000n\000i\000c\000s}{chapter.4}% 23
\BOOKMARK [2][-]{subsection.4.2.1}{\376\377\000D\000i\000s\000t\000a\000n\000c\000e\000-\000D\000e\000p\000e\000n\000d\000e\000n\000t\000\040\000P\000r\000o\000p\000e\000r\000t\000i\000e\000s}{section.4.2}% 24
\BOOKMARK [2][-]{subsection.4.2.2}{\376\377\000B\000a\000t\000t\000i\000n\000g\000\040\000T\000i\000m\000e\000w\000i\000n\000d\000e\000r}{section.4.2}% 25
\BOOKMARK [1][-]{section.4.3}{\376\377\000A\000i\000r\000\040\000H\000o\000p}{chapter.4}% 26
\BOOKMARK [0][-]{chapter.5}{\376\377\000N\000e\000u\000t\000r\000a\000l\000\040\000G\000a\000m\000e}{}% 27
\BOOKMARK [1][-]{section.5.1}{\376\377\000C\000o\000r\000e\000\040\000N\000e\000u\000t\000r\000a\000l\000\040\000P\000i\000l\000l\000a\000r\000s}{chapter.5}% 28
\BOOKMARK [1][-]{section.5.2}{\376\377\000K\000e\000y\000\040\000N\000e\000u\000t\000r\000a\000l\000\040\000B\000u\000t\000t\000o\000n\000s}{chapter.5}% 29
\BOOKMARK [1][-]{section.5.3}{\376\377\000T\000i\000m\000e\000w\000i\000n\000d\000e\000r\000\040\000O\000k\000i\000z\000e\000m\000e}{chapter.5}% 30
\BOOKMARK [2][-]{subsection.5.3.1}{\376\377\000C\000o\000r\000n\000e\000r\000\040\000T\000h\000r\000o\000w\000\040\000O\000k\000i\000\040\000T\000r\000a\000p}{section.5.3}% 31
\BOOKMARK [1][-]{section.5.4}{\376\377\000A\000p\000p\000r\000o\000a\000c\000h\000\040\000T\000a\000c\000t\000i\000c\000s}{chapter.5}% 32
\BOOKMARK [0][-]{chapter.6}{\376\377\000M\000i\000x\000u\000p\000\040\000S\000y\000s\000t\000e\000m}{}% 33
\BOOKMARK [1][-]{section.6.1}{\376\377\000C\000o\000r\000e\000\040\000M\000i\000x\000u\000p\000\040\000T\000o\000o\000l\000s}{chapter.6}% 34
\BOOKMARK [2][-]{subsection.6.1.1}{\376\377\000S\0002\000\040\000H\000O\000L\000D\000\040\000v\000s\000.\000\040\000I\000m\000m\000e\000d\000i\000a\000t\000e\000\040\000S\0002}{section.6.1}% 35
\BOOKMARK [2][-]{subsection.6.1.2}{\376\377\000D\000o\000w\000n\000\040\000S\0002\000\040\000S\000a\000n\000d\000w\000i\000c\000h}{section.6.1}% 36
\BOOKMARK [2][-]{subsection.6.1.3}{\376\377\000F\000l\000i\000p\000\040\000I\000t\000\040\000O\000v\000e\000r\000h\000e\000a\000d\000\040\000\050\0003\000M\000\051}{section.6.1}% 37
\BOOKMARK [2][-]{subsection.6.1.4}{\376\377\000T\000e\000m\000p\000o\000r\000a\000l\000\040\000S\000l\000i\000p\000\040\0005\0000\000/\0005\0000}{section.6.1}% 38
\BOOKMARK [1][-]{section.6.2}{\376\377\000J\000u\000m\000p\000\040\000M\000i\000x\000u\000p\000\040\000T\000r\000i\000a\000n\000g\000l\000e}{chapter.6}% 39
\BOOKMARK [1][-]{section.6.3}{\376\377\000C\000o\000r\000n\000e\000r\000\040\000T\000h\000r\000o\000w\000\040\000T\000r\000a\000p\000\040\000F\000u\000l\000l\000\040\000S\000e\000q\000u\000e\000n\000c\000e}{chapter.6}% 40
\BOOKMARK [0][-]{chapter.7}{\376\377\000C\000o\000m\000b\000o\000\040\000G\000u\000i\000d\000e}{}% 41
\BOOKMARK [1][-]{section.7.1}{\376\377\000P\000u\000l\000s\000e\000\040\000F\000u\000s\000e\000\040\000C\000o\000m\000b\000o\000s\000\040\000\050\000B\000e\000g\000i\000n\000n\000e\000r\000\051}{chapter.7}% 42
\BOOKMARK [1][-]{section.7.2}{\376\377\000B\000e\000g\000i\000n\000n\000e\000r\000\040\000C\000o\000m\000b\000o\000s}{chapter.7}% 43
\BOOKMARK [1][-]{section.7.3}{\376\377\000I\000n\000t\000e\000r\000m\000e\000d\000i\000a\000t\000e\000\040\000C\000o\000m\000b\000o\000s}{chapter.7}% 44
\BOOKMARK [1][-]{section.7.4}{\376\377\000A\000d\000v\000a\000n\000c\000e\000d\000\040\000C\000o\000m\000b\000o\000s}{chapter.7}% 45
\BOOKMARK [1][-]{section.7.5}{\376\377\000C\000o\000r\000n\000e\000r\000\040\000C\000a\000r\000r\000y\000\040\000R\000o\000u\000t\000i\000n\000g}{chapter.7}% 46
\BOOKMARK [1][-]{section.7.6}{\376\377\000L\000i\000m\000i\000t\000\040\000B\000r\000e\000a\000k\000\040\000/\000\040\000L\000i\000m\000i\000t\000\040\000S\000t\000r\000i\000k\000e\000\040\000E\000x\000t\000e\000n\000s\000i\000o\000n\000s}{chapter.7}% 47
\BOOKMARK [0][-]{chapter.8}{\376\377\000A\000r\000c\000h\000e\000t\000y\000p\000e\000\040\000M\000a\000t\000c\000h\000u\000p\000\040\000S\000t\000r\000a\000t\000e\000g\000i\000e\000s}{}% 48
\BOOKMARK [1][-]{section.8.1}{\376\377\000v\000s\000.\000\040\000Z\000o\000n\000e\000r\000s}{chapter.8}% 49
\BOOKMARK [1][-]{section.8.2}{\376\377\000v\000s\000.\000\040\000R\000u\000s\000h\000d\000o\000w\000n\000s}{chapter.8}% 50
\BOOKMARK [1][-]{section.8.3}{\376\377\000v\000s\000.\000\040\000G\000r\000a\000p\000p\000l\000e\000r\000s}{chapter.8}% 51
\BOOKMARK [1][-]{section.8.4}{\376\377\000v\000s\000.\000\040\000D\000e\000f\000e\000n\000s\000i\000v\000e\000\040\000/\000\040\000T\000u\000r\000t\000l\000e}{chapter.8}% 52
\BOOKMARK [0][-]{chapter.9}{\376\377\000I\000n\000d\000i\000v\000i\000d\000u\000a\000l\000\040\000C\000h\000a\000m\000p\000i\000o\000n\000\040\000M\000a\000t\000c\000h\000u\000p\000s}{}% 53
\BOOKMARK [1][-]{section.9.1}{\376\377\000v\000s\000.\000\040\000A\000h\000r\000i}{chapter.9}% 54
\BOOKMARK [1][-]{section.9.2}{\376\377\000v\000s\000.\000\040\000B\000l\000i\000t\000z\000c\000r\000a\000n\000k}{chapter.9}% 55
\BOOKMARK [1][-]{section.9.3}{\376\377\000v\000s\000.\000\040\000B\000r\000a\000u\000m}{chapter.9}% 56
\BOOKMARK [1][-]{section.9.4}{\376\377\000v\000s\000.\000\040\000D\000a\000r\000i\000u\000s}{chapter.9}% 57
\BOOKMARK [1][-]{section.9.5}{\376\377\000v\000s\000.\000\040\000I\000l\000l\000a\000o\000i}{chapter.9}% 58
\BOOKMARK [1][-]{section.9.6}{\376\377\000v\000s\000.\000\040\000J\000i\000n\000x}{chapter.9}% 59
\BOOKMARK [1][-]{section.9.7}{\376\377\000v\000s\000.\000\040\000T\000e\000e\000m\000o}{chapter.9}% 60
\BOOKMARK [1][-]{section.9.8}{\376\377\000v\000s\000.\000\040\000V\000i}{chapter.9}% 61
\BOOKMARK [1][-]{section.9.9}{\376\377\000v\000s\000.\000\040\000W\000a\000r\000w\000i\000c\000k}{chapter.9}% 62
\BOOKMARK [1][-]{section.9.10}{\376\377\000v\000s\000.\000\040\000Y\000a\000s\000u\000o}{chapter.9}% 63
\BOOKMARK [0][-]{chapter.10}{\376\377\000T\000e\000a\000m\000\040\000C\000o\000m\000p\000o\000s\000i\000t\000i\000o\000n\000s\000\040\000a\000n\000d\000\040\000S\000y\000n\000e\000r\000g\000i\000e\000s}{}% 64
\BOOKMARK [1][-]{section.10.1}{\376\377\000W\000h\000a\000t\000\040\000E\000k\000k\000o\000\040\000W\000a\000n\000t\000s\000\040\000i\000n\000\040\000a\000\040\000P\000a\000r\000t\000n\000e\000r}{chapter.10}% 65
\BOOKMARK [1][-]{section.10.2}{\376\377\000B\000e\000s\000t\000\040\000T\000e\000a\000m\000s\000\040\000O\000v\000e\000r\000v\000i\000e\000w}{chapter.10}% 66
\BOOKMARK [1][-]{section.10.3}{\376\377\000E\000k\000k\000o\000\040\000/\000\040\000V\000i}{chapter.10}% 67
\BOOKMARK [2][-]{subsection.10.3.1}{\376\377\000W\000h\000y\000\040\000T\000h\000i\000s\000\040\000T\000e\000a\000m\000\040\000W\000o\000r\000k\000s}{section.10.3}% 68
\BOOKMARK [2][-]{subsection.10.3.2}{\376\377\000R\000o\000l\000e\000\040\000D\000i\000s\000t\000r\000i\000b\000u\000t\000i\000o\000n}{section.10.3}% 69
\BOOKMARK [2][-]{subsection.10.3.3}{\376\377\000C\000o\000m\000b\000o\000\040\000S\000y\000n\000e\000r\000g\000y}{section.10.3}% 70
\BOOKMARK [2][-]{subsection.10.3.4}{\376\377\000N\000e\000u\000t\000r\000a\000l\000\040\000S\000t\000r\000a\000t\000e\000g\000y}{section.10.3}% 71
\BOOKMARK [2][-]{subsection.10.3.5}{\376\377\000D\000e\000f\000e\000n\000s\000i\000v\000e\000\040\000S\000t\000r\000a\000t\000e\000g\000y}{section.10.3}% 72
\BOOKMARK [1][-]{section.10.4}{\376\377\000E\000k\000k\000o\000\040\000/\000\040\000W\000a\000r\000w\000i\000c\000k}{chapter.10}% 73
\BOOKMARK [2][-]{subsection.10.4.1}{\376\377\000W\000h\000y\000\040\000T\000h\000i\000s\000\040\000T\000e\000a\000m\000\040\000W\000o\000r\000k\000s}{section.10.4}% 74
\BOOKMARK [2][-]{subsection.10.4.2}{\376\377\000R\000o\000l\000e\000\040\000D\000i\000s\000t\000r\000i\000b\000u\000t\000i\000o\000n}{section.10.4}% 75
\BOOKMARK [2][-]{subsection.10.4.3}{\376\377\000C\000o\000m\000b\000o\000\040\000S\000y\000n\000e\000r\000g\000y}{section.10.4}% 76
\BOOKMARK [2][-]{subsection.10.4.4}{\376\377\000N\000e\000u\000t\000r\000a\000l\000\040\000S\000t\000r\000a\000t\000e\000g\000y}{section.10.4}% 77
\BOOKMARK [1][-]{section.10.5}{\376\377\000E\000k\000k\000o\000\040\000/\000\040\000A\000h\000r\000i}{chapter.10}% 78
\BOOKMARK [2][-]{subsection.10.5.1}{\376\377\000W\000h\000y\000\040\000T\000h\000i\000s\000\040\000T\000e\000a\000m\000\040\000W\000o\000r\000k\000s}{section.10.5}% 79
\BOOKMARK [2][-]{subsection.10.5.2}{\376\377\000R\000o\000l\000e\000\040\000D\000i\000s\000t\000r\000i\000b\000u\000t\000i\000o\000n}{section.10.5}% 80
\BOOKMARK [2][-]{subsection.10.5.3}{\376\377\000C\000o\000m\000b\000o\000\040\000S\000y\000n\000e\000r\000g\000y}{section.10.5}% 81
\BOOKMARK [2][-]{subsection.10.5.4}{\376\377\000N\000e\000u\000t\000r\000a\000l\000\040\000S\000t\000r\000a\000t\000e\000g\000y}{section.10.5}% 82
\BOOKMARK [1][-]{section.10.6}{\376\377\000F\000u\000s\000e\000\040\000R\000e\000c\000o\000m\000m\000e\000n\000d\000a\000t\000i\000o\000n\000s}{chapter.10}% 83
\BOOKMARK [1][-]{section.10.7}{\376\377\000U\000s\000i\000n\000g\000\040\000E\000k\000k\000o\000\040\000a\000s\000\040\000A\000s\000s\000i\000s\000t}{chapter.10}% 84
\BOOKMARK [2][-]{subsection.10.7.1}{\376\377\000F\000o\000r\000w\000a\000r\000d\000\040\000A\000s\000s\000i\000s\000t\000\040\000\050\000M\000y\000\040\000T\000i\000m\000e\000!\000\040\040\024\000\040\000F\000o\000r\000w\000a\000r\000d\000\040\000T\000\051}{section.10.7}% 85
\BOOKMARK [2][-]{subsection.10.7.2}{\376\377\000B\000a\000c\000k\000\040\000A\000s\000s\000i\000s\000t\000\040\000\050\000T\000i\000m\000e\000w\000i\000n\000d\000e\000r\000\040\040\024\000\040\000B\000a\000c\000k\000\040\000T\000\051}{section.10.7}% 86
\BOOKMARK [0][-]{chapter.11}{\376\377\000A\000d\000v\000a\000n\000c\000e\000d\000\040\000C\000o\000n\000c\000e\000p\000t\000s\000\040\000a\000n\000d\000\040\000T\000i\000p\000s}{}% 87
\BOOKMARK [1][-]{section.11.1}{\376\377\000A\000f\000t\000e\000r\000i\000m\000a\000g\000e\000\040\000C\000a\000n\000c\000e\000l\000\040\000D\000e\000e\000p\000\040\000D\000i\000v\000e}{chapter.11}% 88
\BOOKMARK [1][-]{section.11.2}{\376\377\000T\000r\000a\000i\000n\000i\000n\000g\000\040\000M\000o\000d\000e\000\040\000O\000p\000t\000i\000m\000i\000z\000a\000t\000i\000o\000n}{chapter.11}% 89
\BOOKMARK [1][-]{section.11.3}{\376\377\000C\000o\000m\000m\000o\000n\000\040\000M\000i\000s\000t\000a\000k\000e\000s\000\040\000t\000o\000\040\000A\000v\000o\000i\000d}{chapter.11}% 90
\BOOKMARK [1][-]{section.11.4}{\376\377\000S\000e\000a\000s\000o\000n\000\040\0001\000\040\000P\000a\000t\000c\000h\000\040\000N\000o\000t\000e\000s\000\040\000S\000u\000m\000m\000a\000r\000y\000\040\000\050\000V\000e\000r\000s\000i\000o\000n\000\040\0001\000.\0001\000.\0003\000\051}{chapter.11}% 91
\BOOKMARK [0][-]{chapter.12}{\376\377\000Q\000u\000i\000c\000k\000\040\000R\000e\000f\000e\000r\000e\000n\000c\000e}{}% 92
\BOOKMARK [1][-]{section.12.1}{\376\377\000E\000s\000s\000e\000n\000t\000i\000a\000l\000\040\000I\000n\000p\000u\000t\000s\000\040\000C\000h\000e\000a\000t\000\040\000S\000h\000e\000e\000t}{chapter.12}% 93
\BOOKMARK [1][-]{section.12.2}{\376\377\000T\000i\000e\000r\000e\000d\000\040\000G\000a\000m\000e\000p\000l\000a\000n\000\040\000C\000h\000e\000c\000k\000l\000i\000s\000t}{chapter.12}% 94
