[13:38:41] 
[13:38:41] 🎯 POWER BI - EX TRAÇÃ O DE CATEGORIAS (SEM RIGHT-CLICK)
[13:38:41] 
[13:38:45] 📍 Abrindo Power BI...
[13:38:56] ⏳ Aguardando 20 segundos...
[13:39:16] 📸 Tirand o screenshot...
[13:39:18] 📊 Extraindo conteúdo completo...
[13:39:18] ✅ Título: Microsoft Power BI
[13:39:18] ✅ 50 elementos com texto encontrados
[13:39:18] 💾 DEBUG_POWERBI_HTML.html
[13:39:18] 
[13:39:18] 📋 Primeiras 50 linhas da página:
[13:39:18]    1. Mostrar atalhos de teclado
[13:39:18]    2. Mostrar sugestões de leitores de ecrã
[13:39:18]    3. Avançar para o conteúdo principal
[13:39:18]    4. Relatório do Power BI
[13:39:18]    5. Serviços
[13:39:18]    6. Bens
[13:39:18]    7. Deslocar para cima
[13:39:18]    8. Deslocar para baixo
[13:39:18]    9. Deslocar para a esquerda
[13:39:18]    10. Deslocar para a direita
[13:39:18]    11. Serviço/Actvidade/Tipo de Sociedade/Empresa
[13:39:18]    12. Consultoria, Assessoria e Auditoria
[13:39:18]    13. Serviço de Inspecção, Testes e Certificação
[13:39:18]    14. Serviço de Suporte as Operações
[13:39:18]    15. Serviços de Assistência Jurídica
[13:39:18]    16. Serviços de Apoio
[13:39:18]    17. Serviços de Engenharia e gestão de Projectos (Pré-Feed, FEED e Engenharia de Det
[13:39:18]    18. Serviços de Fabricação
[13:39:18]    19. Serviços de Finanças e Seguros
[13:39:18]    20. Serviços de Formação e Capacitação Profissional
[13:39:18]    21. Serviços de Fornecimento de Pessoal
[13:39:18]    22. Serviços de Geociências
[13:39:18]    23. Serviços de Operação Marítima
[13:39:18]    24. Serviços de Reservatório
[13:39:18]    25. Serviços de Saúde, Meio ambiente e Segurança
[13:39:18]    26. Serviços de Tecnologias de Informação e Comunicação
[13:39:18]    27. Serviços de Transporte, Instalação, Hook up e Comissionamento
[13:39:18]    28. Serviços e Bens de Perfuração, Completação e Intervenções de Poços
[13:39:18]    29. Serviços Logistícos
[13:39:18]    30. Serviços no Âmbito da Avaliação do Potencial Petrolífero das Bacias Interiores
[13:39:18]    31. Sistema de Produção Submarino (SPS) e Umbilicais, Linhas de Escoamento e Elevaçã
[13:39:18]    32. -
[13:39:18]    33. +
[13:39:18]    34. 81%
[13:39:18]    35. Microsoft Power BI
[13:39:18]    36. Relatório Ampliado Para 81%
[13:39:18] 💾 DEBUG_POWERBI_CONTENT.json