2026-02-11 02:07:46,520 - scripts.generate_maps_simple - INFO - ======================================================================
2026-02-11 02:07:46,692 - scripts.generate_maps_simple - INFO - ======================================================================
2026-02-11 02:07:46,692 - scripts.generate_maps_simple - INFO - Output directory: \tmp\test_geesp_maps_12345
2026-02-11 02:07:46,692 - scripts.generate_maps_simple - INFO - Map shape: (280, 300)
2026-02-11 02:07:46,692 - scripts.generate_maps_simple - INFO - Generating Solar Irradiance map...
2026-02-11 02:07:46,709 - scripts.generate_maps_simple - INFO - Generating Population Density map...
2026-02-11 02:07:46,733 - scripts.generate_maps_simple - INFO - Generating Grid Distance map...
2026-02-11 02:07:46,741 - scripts.generate_maps_simple - INFO - Generating Slope map...
2026-02-11 02:07:46,749 - scripts.generate_maps_simple - INFO - Generating NDVI (Vegetation) map...
2026-02-11 02:07:46,759 - scripts.generate_maps_simple - INFO - Generating Integrated Aptitude map (MCDA)...
2026-02-11 02:07:46,775 - scripts.generate_maps_simple - INFO - ======================================================================
2026-02-11 02:07:46,775 - scripts.generate_maps_simple - INFO - ======================================================================
2026-02-11 02:07:50,126 - scripts.generate_maps_simple - INFO - ======================================================================
2026-02-11 02:07:50,142 - scripts.generate_maps_simple - INFO - ======================================================================
2026-02-11 02:07:50,143 - scripts.generate_maps_simple - INFO - Output directory: C:\Users\rocel\AppData\Local\Temp\pytest-of-rocel\pytest-53\test_generate_maps_and_compute0\processed
2026-02-11 02:07:50,143 - scripts.generate_maps_simple - INFO - Map shape: (280, 300)
2026-02-11 02:07:50,143 - scripts.generate_maps_simple - INFO - Generating Solar Irradiance map...
2026-02-11 02:07:50,160 - scripts.generate_maps_simple - INFO - Generating Population Density map...
2026-02-11 02:07:50,181 - scripts.generate_maps_simple - INFO - Generating Grid Distance map...
2026-02-11 02:07:50,200 - scripts.generate_maps_simple - INFO - Generating Slope map...
2026-02-11 02:07:50,219 - scripts.generate_maps_simple - INFO - Generating NDVI (Vegetation) map...
2026-02-11 02:07:50,234 - scripts.generate_maps_simple - INFO - Generating Integrated Aptitude map (MCDA)...
2026-02-11 02:07:50,251 - scripts.generate_maps_simple - INFO - ======================================================================
2026-02-11 02:07:50,259 - scripts.generate_maps_simple - INFO - ======================================================================
2026-02-11 02:11:49,817 - scripts.generate_maps_simple - INFO - ======================================================================
2026-02-11 02:11:49,838 - scripts.generate_maps_simple - INFO - ======================================================================
2026-02-11 02:11:49,838 - scripts.generate_maps_simple - INFO - Output directory: \tmp\test_geesp_maps_12345
2026-02-11 02:11:49,838 - scripts.generate_maps_simple - INFO - Map shape: (280, 300)
2026-02-11 02:11:49,838 - scripts.generate_maps_simple - INFO - Generating Solar Irradiance map...
2026-02-11 02:11:49,856 - scripts.generate_maps_simple - INFO - Generating Population Density map...
2026-02-11 02:11:49,888 - scripts.generate_maps_simple - INFO - Generating Grid Distance map...
2026-02-11 02:11:49,898 - scripts.generate_maps_simple - INFO - Generating Slope map...
2026-02-11 02:11:49,908 - scripts.generate_maps_simple - INFO - Generating NDVI (Vegetation) map...
2026-02-11 02:11:49,916 - scripts.generate_maps_simple - INFO - Generating Integrated Aptitude map (MCDA)...
2026-02-11 02:11:49,926 - scripts.generate_maps_simple - INFO - ======================================================================
2026-02-11 02:11:49,926 - scripts.generate_maps_simple - INFO - ======================================================================
2026-02-11 02:11:53,285 - scripts.generate_maps_simple - INFO - ======================================================================
2026-02-11 02:11:53,293 - scripts.generate_maps_simple - INFO - ======================================================================
2026-02-11 02:11:53,293 - scripts.generate_maps_simple - INFO - Output directory: C:\Users\rocel\AppData\Local\Temp\pytest-of-rocel\pytest-54\test_generate_maps_and_compute0\processed
2026-02-11 02:11:53,293 - scripts.generate_maps_simple - INFO - Map shape: (280, 300)
2026-02-11 02:11:53,293 - scripts.generate_maps_simple - INFO - Generating Solar Irradiance map...
2026-02-11 02:11:53,310 - scripts.generate_maps_simple - INFO - Generating Population Density map...
2026-02-11 02:11:53,353 - scripts.generate_maps_simple - INFO - Generating Grid Distance map...
2026-02-11 02:11:53,361 - scripts.generate_maps_simple - INFO - Generating Slope map...
2026-02-11 02:11:53,370 - scripts.generate_maps_simple - INFO - Generating NDVI (Vegetation) map...
2026-02-11 02:11:53,386 - scripts.generate_maps_simple - INFO - Generating Integrated Aptitude map (MCDA)...
2026-02-11 02:11:53,394 - scripts.generate_maps_simple - INFO - ======================================================================
2026-02-11 02:11:53,410 - scripts.generate_maps_simple - INFO - ======================================================================
2026-02-11 03:46:01,812 - scripts.generate_maps_simple - INFO - ======================================================================
2026-02-11 03:46:01,833 - scripts.generate_maps_simple - INFO - ======================================================================
2026-02-11 03:46:01,833 - scripts.generate_maps_simple - INFO - Output directory: \tmp\test_geesp_maps_12345
2026-02-11 03:46:01,833 - scripts.generate_maps_simple - INFO - Map shape: (280, 300)
2026-02-11 03:46:01,834 - scripts.generate_maps_simple - INFO - Generating Solar Irradiance map...
2026-02-11 03:46:01,856 - scripts.generate_maps_simple - INFO - Generating Population Density map...
2026-02-11 03:46:01,893 - scripts.generate_maps_simple - INFO - Generating Grid Distance map...
2026-02-11 03:46:01,899 - scripts.generate_maps_simple - INFO - Generating Slope map...
2026-02-11 03:46:01,909 - scripts.generate_maps_simple - INFO - Generating NDVI (Vegetation) map...
2026-02-11 03:46:01,921 - scripts.generate_maps_simple - INFO - Generating Integrated Aptitude map (MCDA)...
2026-02-11 03:46:01,934 - scripts.generate_maps_simple - INFO - ======================================================================
2026-02-11 03:46:01,938 - scripts.generate_maps_simple - INFO - ======================================================================
2026-02-11 03:51:18,509 - scripts.generate_maps_simple - INFO - ======================================================================
2026-02-11 03:51:18,525 - scripts.generate_maps_simple - INFO - ======================================================================
2026-02-11 03:51:18,525 - scripts.generate_maps_simple - INFO - Output directory: \tmp\test_geesp_maps_12345
2026-02-11 03:51:18,525 - scripts.generate_maps_simple - INFO - Map shape: (280, 300)
2026-02-11 03:51:18,525 - scripts.generate_maps_simple - INFO - Generating Solar Irradiance map...
2026-02-11 03:51:18,540 - scripts.generate_maps_simple - INFO - Generating Population Density map...
2026-02-11 03:51:18,565 - scripts.generate_maps_simple - INFO - Generating Grid Distance map...
2026-02-11 03:51:18,565 - scripts.generate_maps_simple - INFO - Generating Slope map...
2026-02-11 03:51:18,581 - scripts.generate_maps_simple - INFO - Generating NDVI (Vegetation) map...
2026-02-11 03:51:18,597 - scripts.generate_maps_simple - INFO - Generating Integrated Aptitude map (MCDA)...
2026-02-11 03:51:18,597 - scripts.generate_maps_simple - INFO - ======================================================================
2026-02-11 03:51:18,609 - scripts.generate_maps_simple - INFO - ======================================================================
2026-02-11 03:51:20,693 - scripts.generate_maps_simple - INFO - ======================================================================
2026-02-11 03:51:20,697 - scripts.generate_maps_simple - INFO - ======================================================================
2026-02-11 03:51:20,698 - scripts.generate_maps_simple - INFO - Output directory: C:\Users\rocel\AppData\Local\Temp\pytest-of-rocel\pytest-57\test_generate_maps_and_compute0\processed
2026-02-11 03:51:20,699 - scripts.generate_maps_simple - INFO - Map shape: (280, 300)
2026-02-11 03:51:20,700 - scripts.generate_maps_simple - INFO - Generating Solar Irradiance map...
2026-02-11 03:51:20,710 - scripts.generate_maps_simple - INFO - Generating Population Density map...
2026-02-11 03:51:20,741 - scripts.generate_maps_simple - INFO - Generating Grid Distance map...
2026-02-11 03:51:20,747 - scripts.generate_maps_simple - INFO - Generating Slope map...
2026-02-11 03:51:20,756 - scripts.generate_maps_simple - INFO - Generating NDVI (Vegetation) map...
2026-02-11 03:51:20,767 - scripts.generate_maps_simple - INFO - Generating Integrated Aptitude map (MCDA)...
2026-02-11 03:51:20,775 - scripts.generate_maps_simple - INFO - ======================================================================
2026-02-11 03:51:20,779 - scripts.generate_maps_simple - INFO - ======================================================================
2026-02-11 04:05:07,533 - scripts.generate_maps_simple - INFO - ======================================================================
2026-02-11 04:05:07,734 - scripts.generate_maps_simple - INFO - ======================================================================
2026-02-11 04:05:07,734 - scripts.generate_maps_simple - INFO - Output directory: \tmp\test_geesp_maps_12345
2026-02-11 04:05:07,736 - scripts.generate_maps_simple - INFO - Map shape: (280, 300)
2026-02-11 04:05:07,736 - scripts.generate_maps_simple - INFO - Generating Solar Irradiance map...
2026-02-11 04:05:07,746 - scripts.generate_maps_simple - INFO - Generating Population Density map...
2026-02-11 04:05:07,895 - scripts.generate_maps_simple - INFO - Generating Grid Distance map...
2026-02-11 04:05:07,903 - scripts.generate_maps_simple - INFO - Generating Slope map...
2026-02-11 04:05:07,988 - scripts.generate_maps_simple - INFO - Generating NDVI (Vegetation) map...
2026-02-11 04:05:08,005 - scripts.generate_maps_simple - INFO - Generating Integrated Aptitude map (MCDA)...
2026-02-11 04:05:08,018 - scripts.generate_maps_simple - INFO - ======================================================================
2026-02-11 04:05:08,022 - scripts.generate_maps_simple - INFO - ======================================================================
2026-02-11 04:05:12,066 - scripts.generate_maps_simple - INFO - ======================================================================
2026-02-11 04:05:12,076 - scripts.generate_maps_simple - INFO - ======================================================================
2026-02-11 04:05:12,077 - scripts.generate_maps_simple - INFO - Output directory: C:\Users\rocel\AppData\Local\Temp\pytest-of-rocel\pytest-58\test_generate_maps_and_compute0\processed
2026-02-11 04:05:12,078 - scripts.generate_maps_simple - INFO - Map shape: (280, 300)
2026-02-11 04:05:12,079 - scripts.generate_maps_simple - INFO - Generating Solar Irradiance map...
2026-02-11 04:05:12,100 - scripts.generate_maps_simple - INFO - Generating Population Density map...
2026-02-11 04:05:12,139 - scripts.generate_maps_simple - INFO - Generating Grid Distance map...
2026-02-11 04:05:12,148 - scripts.generate_maps_simple - INFO - Generating Slope map...
2026-02-11 04:05:12,157 - scripts.generate_maps_simple - INFO - Generating NDVI (Vegetation) map...
2026-02-11 04:05:12,180 - scripts.generate_maps_simple - INFO - Generating Integrated Aptitude map (MCDA)...
2026-02-11 04:05:12,202 - scripts.generate_maps_simple - INFO - ======================================================================
2026-02-11 04:05:12,206 - scripts.generate_maps_simple - INFO - ======================================================================
2026-02-11 04:09:50,820 - test_logger - INFO - [OK] Logging initialized for test_logger
2026-02-11 04:10:27,371 - test_logger - INFO - [OK] Logging initialized for test_logger
2026-02-11 04:10:49,038 - test_logger - INFO - [OK] Logging initialized for test_logger
2026-02-11 04:11:11,506 - scripts.generate_maps_simple - INFO - ======================================================================
2026-02-11 04:11:11,522 - scripts.generate_maps_simple - INFO - ======================================================================
2026-02-11 04:11:11,522 - scripts.generate_maps_simple - INFO - Output directory: \tmp\test_geesp_maps_12345
2026-02-11 04:11:11,523 - scripts.generate_maps_simple - INFO - Map shape: (280, 300)
2026-02-11 04:11:11,523 - scripts.generate_maps_simple - INFO - Generating Solar Irradiance map...
2026-02-11 04:11:11,535 - scripts.generate_maps_simple - INFO - Generating Population Density map...
2026-02-11 04:11:11,557 - scripts.generate_maps_simple - INFO - Generating Grid Distance map...
2026-02-11 04:11:11,562 - scripts.generate_maps_simple - INFO - Generating Slope map...
2026-02-11 04:11:11,569 - scripts.generate_maps_simple - INFO - Generating NDVI (Vegetation) map...
2026-02-11 04:11:11,577 - scripts.generate_maps_simple - INFO - Generating Integrated Aptitude map (MCDA)...
2026-02-11 04:11:11,584 - scripts.generate_maps_simple - INFO - ======================================================================
2026-02-11 04:11:11,588 - scripts.generate_maps_simple - INFO - ======================================================================
2026-02-11 04:11:14,545 - scripts.generate_maps_simple - INFO - ======================================================================
2026-02-11 04:11:14,551 - scripts.generate_maps_simple - INFO - ======================================================================
2026-02-11 04:11:14,552 - scripts.generate_maps_simple - INFO - Output directory: C:\Users\rocel\AppData\Local\Temp\pytest-of-rocel\pytest-59\test_generate_maps_and_compute0\processed
2026-02-11 04:11:14,553 - scripts.generate_maps_simple - INFO - Map shape: (280, 300)
2026-02-11 04:11:14,554 - scripts.generate_maps_simple - INFO - Generating Solar Irradiance map...
2026-02-11 04:11:14,564 - scripts.generate_maps_simple - INFO - Generating Population Density map...
2026-02-11 04:11:14,591 - scripts.generate_maps_simple - INFO - Generating Grid Distance map...
2026-02-11 04:11:14,597 - scripts.generate_maps_simple - INFO - Generating Slope map...
2026-02-11 04:11:14,604 - scripts.generate_maps_simple - INFO - Generating NDVI (Vegetation) map...
2026-02-11 04:11:14,615 - scripts.generate_maps_simple - INFO - Generating Integrated Aptitude map (MCDA)...
2026-02-11 04:11:14,625 - scripts.generate_maps_simple - INFO - ======================================================================
2026-02-11 04:11:14,630 - scripts.generate_maps_simple - INFO - ======================================================================
2026-02-11 04:11:59,415 - test_logger - INFO - [OK] Logging initialized for test_logger
2026-02-11 04:12:02,979 - scripts.generate_maps_simple - INFO - ======================================================================
2026-02-11 04:12:03,000 - scripts.generate_maps_simple - INFO - ======================================================================
2026-02-11 04:12:03,000 - scripts.generate_maps_simple - INFO - Output directory: \tmp\test_geesp_maps_12345
2026-02-11 04:12:03,000 - scripts.generate_maps_simple - INFO - Map shape: (280, 300)
2026-02-11 04:12:03,000 - scripts.generate_maps_simple - INFO - Generating Solar Irradiance map...
2026-02-11 04:12:03,000 - scripts.generate_maps_simple - INFO - Generating Population Density map...
2026-02-11 04:12:03,032 - scripts.generate_maps_simple - INFO - Generating Grid Distance map...
2026-02-11 04:12:03,032 - scripts.generate_maps_simple - INFO - Generating Slope map...
2026-02-11 04:12:03,047 - scripts.generate_maps_simple - INFO - Generating NDVI (Vegetation) map...
2026-02-11 04:12:03,047 - scripts.generate_maps_simple - INFO - Generating Integrated Aptitude map (MCDA)...
2026-02-11 04:12:03,063 - scripts.generate_maps_simple - INFO - ======================================================================
2026-02-11 04:12:03,063 - scripts.generate_maps_simple - INFO - ======================================================================
2026-02-11 04:12:04,703 - scripts.generate_maps_simple - INFO - ======================================================================
2026-02-11 04:12:04,706 - scripts.generate_maps_simple - INFO - ======================================================================
2026-02-11 04:12:04,706 - scripts.generate_maps_simple - INFO - Output directory: C:\Users\rocel\AppData\Local\Temp\pytest-of-rocel\pytest-60\test_generate_maps_and_compute0\processed
2026-02-11 04:12:04,707 - scripts.generate_maps_simple - INFO - Map shape: (280, 300)
2026-02-11 04:12:04,707 - scripts.generate_maps_simple - INFO - Generating Solar Irradiance map...
2026-02-11 04:12:04,721 - scripts.generate_maps_simple - INFO - Generating Population Density map...
2026-02-11 04:12:04,753 - scripts.generate_maps_simple - INFO - Generating Grid Distance map...
2026-02-11 04:12:04,761 - scripts.generate_maps_simple - INFO - Generating Slope map...
2026-02-11 04:12:04,771 - scripts.generate_maps_simple - INFO - Generating NDVI (Vegetation) map...
2026-02-11 04:12:04,781 - scripts.generate_maps_simple - INFO - Generating Integrated Aptitude map (MCDA)...
2026-02-11 04:12:04,793 - scripts.generate_maps_simple - INFO - ======================================================================
2026-02-11 04:12:04,797 - scripts.generate_maps_simple - INFO - ======================================================================
2026-02-11 04:20:34,139 - test_logger - INFO - [OK] Logging initialized for test_logger
2026-02-11 04:20:34,608 - scripts.generate_maps_simple - INFO - ======================================================================
2026-02-11 04:20:34,628 - scripts.generate_maps_simple - INFO - ======================================================================
2026-02-11 04:20:34,629 - scripts.generate_maps_simple - INFO - Output directory: \tmp\test_geesp_maps_12345
2026-02-11 04:20:34,630 - scripts.generate_maps_simple - INFO - Map shape: (280, 300)
2026-02-11 04:20:34,630 - scripts.generate_maps_simple - INFO - Generating Solar Irradiance map...
2026-02-11 04:20:34,644 - scripts.generate_maps_simple - INFO - Generating Population Density map...
2026-02-11 04:20:34,681 - scripts.generate_maps_simple - INFO - Generating Grid Distance map...
2026-02-11 04:20:34,688 - scripts.generate_maps_simple - INFO - Generating Slope map...
2026-02-11 04:20:34,698 - scripts.generate_maps_simple - INFO - Generating NDVI (Vegetation) map...
2026-02-11 04:20:34,711 - scripts.generate_maps_simple - INFO - Generating Integrated Aptitude map (MCDA)...
2026-02-11 04:20:34,722 - scripts.generate_maps_simple - INFO - ======================================================================
2026-02-11 04:20:34,727 - scripts.generate_maps_simple - INFO - ======================================================================
2026-02-11 04:20:36,863 - scripts.generate_maps_simple - INFO - ======================================================================
2026-02-11 04:20:36,867 - scripts.generate_maps_simple - INFO - ======================================================================
2026-02-11 04:20:36,868 - scripts.generate_maps_simple - INFO - Output directory: C:\Users\rocel\AppData\Local\Temp\pytest-of-rocel\pytest-61\test_generate_maps_and_compute0\processed
2026-02-11 04:20:36,869 - scripts.generate_maps_simple - INFO - Map shape: (280, 300)
2026-02-11 04:20:36,869 - scripts.generate_maps_simple - INFO - Generating Solar Irradiance map...
2026-02-11 04:20:36,895 - scripts.generate_maps_simple - INFO - Generating Population Density map...
2026-02-11 04:20:36,921 - scripts.generate_maps_simple - INFO - Generating Grid Distance map...
2026-02-11 04:20:36,930 - scripts.generate_maps_simple - INFO - Generating Slope map...
2026-02-11 04:20:36,937 - scripts.generate_maps_simple - INFO - Generating NDVI (Vegetation) map...
2026-02-11 04:20:36,949 - scripts.generate_maps_simple - INFO - Generating Integrated Aptitude map (MCDA)...
2026-02-11 04:20:36,958 - scripts.generate_maps_simple - INFO - ======================================================================
2026-02-11 04:20:36,964 - scripts.generate_maps_simple - INFO - ======================================================================
